[ 2016-07-27T09:20:12+08:00 ] ::1 /Index/login
INFO: [ app_begin ] --START--
INFO: Run Behavior\ReadHtmlCacheBehavior [ RunTime:0.001102s ]
INFO: [ app_begin ] --END-- [ RunTime:0.002784s ]
SQL: SHOW COLUMNS FROM `user` [ RunTime:0.1425s ]
SQL: SELECT COUNT(*) AS tp_count FROM `user` WHERE `account` = 'nankai' AND `password` = '3df8cd56ce34d5bbb0c5e1c16274b0f7' LIMIT 1   [ RunTime:0.0692s ]
SQL: SHOW COLUMNS FROM `audit` [ RunTime:0.0809s ]
SQL: INSERT INTO `audit` (`name`,`ip`,`module`,`time`,`result`) VALUES ('nankai','::1','登录','16-07-27 09:20:11','成功') [ RunTime:0.1297s ]

[ 2016-07-27T09:36:31+08:00 ] ::1 /Public/angular.js/1.3.0/angular.min.js.map
ERR: 无法加载控制器:Public

[ 2016-07-27T09:36:31+08:00 ] ::1 /Public/jquery/2.1.1/jquery.min.map
ERR: 无法加载控制器:Public

[ 2016-07-27T09:44:50+08:00 ] ::1 /Public/jquery/2.1.1/jquery.min.map
ERR: 无法加载控制器:Public

[ 2016-07-27T09:44:50+08:00 ] ::1 /Public/angular.js/1.3.0/angular.min.js.map
ERR: 无法加载控制器:Public

[ 2016-07-27T09:45:46+08:00 ] ::1 /Public/jquery/2.1.1/jquery.min.map
ERR: 无法加载控制器:Public

[ 2016-07-27T09:45:47+08:00 ] ::1 /Public/angular.js/1.3.0/angular.min.js.map
ERR: 无法加载控制器:Public

[ 2016-07-27T09:48:58+08:00 ] ::1 /Public/jquery/2.1.1/jquery.min.map
ERR: 无法加载控制器:Public

[ 2016-07-27T09:48:58+08:00 ] ::1 /Public/angular.js/1.3.0/angular.min.js.map
ERR: 无法加载控制器:Public

[ 2016-07-27T10:02:07+08:00 ] ::1 /Public/jquery/2.1.1/jquery.min.map
ERR: 无法加载控制器:Public

[ 2016-07-27T10:02:07+08:00 ] ::1 /Public/angular.js/1.3.0/angular.min.js.map
ERR: 无法加载控制器:Public

[ 2016-07-27T10:03:33+08:00 ] ::1 /Public/jquery/2.1.1/jquery.min.map
ERR: 无法加载控制器:Public

[ 2016-07-27T10:03:33+08:00 ] ::1 /Public/angular.js/1.3.0/angular.min.js.map
ERR: 无法加载控制器:Public

[ 2016-07-27T11:18:47+08:00 ] ::1 /Public/jquery/2.1.1/jquery.min.map
ERR: 无法加载控制器:Public

[ 2016-07-27T11:19:10+08:00 ] ::1 /Index/login
INFO: [ app_begin ] --START--
INFO: Run Behavior\ReadHtmlCacheBehavior [ RunTime:0.001419s ]
INFO: [ app_begin ] --END-- [ RunTime:0.002967s ]
SQL: SHOW COLUMNS FROM `user` [ RunTime:0.0049s ]
SQL: SELECT COUNT(*) AS tp_count FROM `user` WHERE `account` = 'nankai' AND `password` = '3df8cd56ce34d5bbb0c5e1c16274b0f7' LIMIT 1   [ RunTime:0.0007s ]
SQL: SHOW COLUMNS FROM `audit` [ RunTime:0.0039s ]
SQL: INSERT INTO `audit` (`name`,`ip`,`module`,`time`,`result`) VALUES ('nankai','::1','登录','16-07-27 11:19:10','成功') [ RunTime:0.0510s ]

[ 2016-07-27T11:19:11+08:00 ] ::1 /Public/angular.js/1.3.0/angular.min.js.map
ERR: 无法加载控制器:Public

[ 2016-07-27T11:19:11+08:00 ] ::1 /Public/jquery/2.1.1/jquery.min.map
ERR: 无法加载控制器:Public

[ 2016-07-27T11:19:16+08:00 ] ::1 /Public/angular.js/1.3.0/angular.min.js.map
ERR: 无法加载控制器:Public

[ 2016-07-27T11:19:16+08:00 ] ::1 /Public/jquery/2.1.1/jquery.min.map
ERR: 无法加载控制器:Public

[ 2016-07-27T14:09:22+08:00 ] ::1 /Public/jquery/2.1.1/jquery.min.map
ERR: 无法加载控制器:Public

[ 2016-07-27T14:09:22+08:00 ] ::1 /Public/angular.js/1.3.0/angular.min.js.map
ERR: 无法加载控制器:Public

[ 2016-07-27T14:11:36+08:00 ] ::1 /Public/jquery/2.1.1/jquery.min.map
ERR: 无法加载控制器:Public

[ 2016-07-27T14:11:36+08:00 ] ::1 /Public/angular.js/1.3.0/angular.min.js.map
ERR: 无法加载控制器:Public

[ 2016-07-27T14:15:41+08:00 ] ::1 /Public/jquery/2.1.1/jquery.min.map
ERR: 无法加载控制器:Public

[ 2016-07-27T14:15:41+08:00 ] ::1 /Public/angular.js/1.3.0/angular.min.js.map
ERR: 无法加载控制器:Public

[ 2016-07-27T14:17:21+08:00 ] ::1 /Public/jquery/2.1.1/jquery.min.map
ERR: 无法加载控制器:Public

[ 2016-07-27T14:17:21+08:00 ] ::1 /Public/angular.js/1.3.0/angular.min.js.map
ERR: 无法加载控制器:Public

[ 2016-07-27T14:17:33+08:00 ] ::1 /Public/jquery/2.1.1/jquery.min.map
ERR: 无法加载控制器:Public

[ 2016-07-27T14:17:33+08:00 ] ::1 /Public/angular.js/1.3.0/angular.min.js.map
ERR: 无法加载控制器:Public

[ 2016-07-27T14:17:39+08:00 ] ::1 /Public/jquery/2.1.1/jquery.min.map
ERR: 无法加载控制器:Public

[ 2016-07-27T14:17:39+08:00 ] ::1 /Public/angular.js/1.3.0/angular.min.js.map
ERR: 无法加载控制器:Public

[ 2016-07-27T14:18:03+08:00 ] ::1 /Public/jquery/2.1.1/jquery.min.map
ERR: 无法加载控制器:Public

[ 2016-07-27T14:18:03+08:00 ] ::1 /Public/angular.js/1.3.0/angular.min.js.map
ERR: 无法加载控制器:Public

[ 2016-07-27T14:18:13+08:00 ] ::1 /Public/angular.js/1.3.0/angular.min.js.map
ERR: 无法加载控制器:Public

[ 2016-07-27T14:18:13+08:00 ] ::1 /Public/jquery/2.1.1/jquery.min.map
ERR: 无法加载控制器:Public

[ 2016-07-27T14:21:03+08:00 ] ::1 /Public/jquery/2.1.1/jquery.min.map
ERR: 无法加载控制器:Public

[ 2016-07-27T14:21:03+08:00 ] ::1 /Public/angular.js/1.3.0/angular.min.js.map
ERR: 无法加载控制器:Public

[ 2016-07-27T14:21:15+08:00 ] ::1 /Public/angular.js/1.3.0/angular.min.js.map
ERR: 无法加载控制器:Public

[ 2016-07-27T14:21:15+08:00 ] ::1 /Public/jquery/2.1.1/jquery.min.map
ERR: 无法加载控制器:Public

[ 2016-07-27T14:22:55+08:00 ] ::1 /Public/jquery/2.1.1/jquery.min.map
ERR: 无法加载控制器:Public

[ 2016-07-27T14:22:55+08:00 ] ::1 /Public/angular.js/1.3.0/angular.min.js.map
ERR: 无法加载控制器:Public

[ 2016-07-27T14:22:59+08:00 ] ::1 /Public/jquery/2.1.1/jquery.min.map
ERR: 无法加载控制器:Public

[ 2016-07-27T14:22:59+08:00 ] ::1 /Public/angular.js/1.3.0/angular.min.js.map
ERR: 无法加载控制器:Public

[ 2016-07-27T14:24:13+08:00 ] ::1 /Public/jquery/2.1.1/jquery.min.map
ERR: 无法加载控制器:Public

[ 2016-07-27T14:24:13+08:00 ] ::1 /Public/angular.js/1.3.0/angular.min.js.map
ERR: 无法加载控制器:Public

[ 2016-07-27T14:24:18+08:00 ] ::1 /Public/jquery/2.1.1/jquery.min.map
ERR: 无法加载控制器:Public

[ 2016-07-27T14:24:18+08:00 ] ::1 /Public/angular.js/1.3.0/angular.min.js.map
ERR: 无法加载控制器:Public

[ 2016-07-27T14:28:02+08:00 ] ::1 /Public/jquery/2.1.1/jquery.min.map
ERR: 无法加载控制器:Public

[ 2016-07-27T14:28:02+08:00 ] ::1 /Public/angular.js/1.3.0/angular.min.js.map
ERR: 无法加载控制器:Public

[ 2016-07-27T15:12:07+08:00 ] ::1 /Public/jquery/2.1.1/jquery.min.map
ERR: 无法加载控制器:Public

[ 2016-07-27T15:12:07+08:00 ] ::1 /Public/angular.js/1.3.0/angular.min.js.map
ERR: 无法加载控制器:Public

[ 2016-07-27T15:12:40+08:00 ] ::1 /Public/jquery/2.1.1/jquery.min.map
ERR: 无法加载控制器:Public

[ 2016-07-27T15:12:40+08:00 ] ::1 /Public/angular.js/1.3.0/angular.min.js.map
ERR: 无法加载控制器:Public

[ 2016-07-27T15:13:01+08:00 ] ::1 /Public/jquery/2.1.1/jquery.min.map
ERR: 无法加载控制器:Public

[ 2016-07-27T15:13:01+08:00 ] ::1 /Public/angular.js/1.3.0/angular.min.js.map
ERR: 无法加载控制器:Public

[ 2016-07-27T15:25:03+08:00 ] ::1 /Public/jquery/2.1.1/jquery.min.map
ERR: 无法加载控制器:Public

[ 2016-07-27T15:25:03+08:00 ] ::1 /Public/angular.js/1.3.0/angular.min.js.map
ERR: 无法加载控制器:Public

[ 2016-07-27T15:34:10+08:00 ] ::1 /Public/jquery/2.1.1/jquery.min.map
ERR: 无法加载控制器:Public

[ 2016-07-27T15:34:10+08:00 ] ::1 /Public/angular.js/1.3.0/angular.min.js.map
ERR: 无法加载控制器:Public

[ 2016-07-27T15:38:02+08:00 ] ::1 /Public/angular.js/1.3.0/angular.min.js.map
ERR: 无法加载控制器:Public

[ 2016-07-27T15:38:02+08:00 ] ::1 /Public/jquery/2.1.1/jquery.min.map
ERR: 无法加载控制器:Public

[ 2016-07-27T15:38:09+08:00 ] ::1 /Public/angular.js/1.3.0/angular.min.js.map
ERR: 无法加载控制器:Public

[ 2016-07-27T15:38:09+08:00 ] ::1 /Public/jquery/2.1.1/jquery.min.map
ERR: 无法加载控制器:Public

[ 2016-07-27T15:38:13+08:00 ] ::1 /Public/angular.js/1.3.0/angular.min.js.map
ERR: 无法加载控制器:Public

[ 2016-07-27T15:38:13+08:00 ] ::1 /Public/jquery/2.1.1/jquery.min.map
ERR: 无法加载控制器:Public

[ 2016-07-27T15:38:18+08:00 ] ::1 /Public/angular.js/1.3.0/angular.min.js.map
ERR: 无法加载控制器:Public

[ 2016-07-27T15:38:18+08:00 ] ::1 /Public/jquery/2.1.1/jquery.min.map
ERR: 无法加载控制器:Public

[ 2016-07-27T15:38:22+08:00 ] ::1 /Public/angular.js/1.3.0/angular.min.js.map
ERR: 无法加载控制器:Public

[ 2016-07-27T15:38:22+08:00 ] ::1 /Public/jquery/2.1.1/jquery.min.map
ERR: 无法加载控制器:Public

[ 2016-07-27T15:38:29+08:00 ] ::1 /Public/angular.js/1.3.0/angular.min.js.map
ERR: 无法加载控制器:Public

[ 2016-07-27T15:38:29+08:00 ] ::1 /Public/jquery/2.1.1/jquery.min.map
ERR: 无法加载控制器:Public

[ 2016-07-27T15:38:42+08:00 ] ::1 /Public/jquery/2.1.1/jquery.min.map
ERR: 无法加载控制器:Public

[ 2016-07-27T15:38:42+08:00 ] ::1 /Public/angular.js/1.3.0/angular.min.js.map
ERR: 无法加载控制器:Public

[ 2016-07-27T15:39:12+08:00 ] ::1 /Public/jquery/2.1.1/jquery.min.map
ERR: 无法加载控制器:Public

[ 2016-07-27T15:39:12+08:00 ] ::1 /Public/angular.js/1.3.0/angular.min.js.map
ERR: 无法加载控制器:Public

[ 2016-07-27T15:39:24+08:00 ] ::1 /Public/jquery/2.1.1/jquery.min.map
ERR: 无法加载控制器:Public

[ 2016-07-27T15:39:24+08:00 ] ::1 /Public/angular.js/1.3.0/angular.min.js.map
ERR: 无法加载控制器:Public

[ 2016-07-27T15:46:04+08:00 ] ::1 /Lab/labList/
ERR: 1054:Champ 'person_name' inconnu dans where clause
 [ SQL语句 ] : SELECT lab.id AS id,lab.name AS name,lab.manager_id AS manager_id,lab.location AS location,lab.formed_time AS formed_time,lab.college_id AS college_id,lab.member AS member,lab.description AS description,person.name AS manager_name,college.name AS college_name FROM lab lab  JOIN person person ON lab.manager_id=person.id LEFT JOIN college college ON lab.college_id=college.id WHERE `person_name` = '白' ORDER BY Lab.id ASC LIMIT 0,10  

[ 2016-07-27T17:10:44+08:00 ] ::1 /Lab/labList/
ERR: 1054:Champ 'formed_start' inconnu dans where clause
 [ SQL语句 ] : SELECT lab.id AS id,lab.name AS name,lab.manager_id AS manager_id,lab.location AS location,lab.formed_time AS formed_time,lab.college_id AS college_id,lab.member AS member,lab.description AS description,person.name AS manager_name,college.name AS college_name FROM lab lab  JOIN person person ON lab.manager_id=person.id LEFT JOIN college college ON lab.college_id=college.id WHERE `formed_start` = '2016-07-01' AND `formed_end` = '2016-07-02' AND person.name = '白钢' ORDER BY Lab.id ASC LIMIT 0,10  

[ 2016-07-27T19:37:02+08:00 ] ::1 /Lab/export/?type=current&query=[object%20Object]&field=name,manager_name,location,formed_time,college_name,member
ERR: 1054:Champ 'Paper.id' inconnu dans order clause
 [ SQL语句 ] : SELECT lab.name AS name,lab.location AS location,lab.formed_time AS formed_time,lab.member AS member,person.name AS manager_name,college.name AS college_name FROM lab lab  JOIN person person ON lab.manager_id=person.id LEFT JOIN college college ON lab.college_id=college.id ORDER BY Paper.id ASC LIMIT 0,20  

[ 2016-07-27T19:39:41+08:00 ] ::1 /Lab/export/?type=all&query=[object%20Object]&field=name,manager_name,location,formed_time,college_name,member
ERR: 1054:Champ 'Paper.id' inconnu dans order clause
 [ SQL语句 ] : SELECT lab.name AS name,lab.location AS location,lab.formed_time AS formed_time,lab.member AS member,person.name AS manager_name,college.name AS college_name FROM lab lab  JOIN person person ON lab.manager_id=person.id LEFT JOIN college college ON lab.college_id=college.id ORDER BY Paper.id ASC 

[ 2016-07-27T19:40:29+08:00 ] ::1 /Lab/export/?type=all&query=[object%20Object]&field=name,manager_name,location,formed_time,college_name,member
ERR: 1054:Champ 'Paper.id' inconnu dans order clause
 [ SQL语句 ] : SELECT lab.name AS name,lab.location AS location,lab.formed_time AS formed_time,lab.member AS member,person.name AS manager_name,college.name AS college_name FROM lab lab  JOIN person person ON lab.manager_id=person.id LEFT JOIN college college ON lab.college_id=college.id ORDER BY Paper.id ASC 

