[ 2016-08-07T09:26:51+08:00 ] ::1 /wenda/css/admin.css
ERR: 无法加载控制器:Wenda

[ 2016-08-07T09:26:51+08:00 ] ::1 /wenda/js/jquery-1.7.2.min.js
ERR: 无法加载控制器:Wenda

[ 2016-08-07T09:26:51+08:00 ] ::1 /wenda/js/admin.js
ERR: 无法加载控制器:Wenda

[ 2016-08-07T10:42:26+08:00 ] ::1 /wenda/Public/css/admin.css
ERR: 无法加载控制器:Wenda

[ 2016-08-07T10:42:26+08:00 ] ::1 /wenda/Public/js/jquery-__HOME__/View/Public.7.2.min.js
ERR: 无法加载控制器:Wenda

[ 2016-08-07T10:42:26+08:00 ] ::1 /wenda/Public/js/admin.js
ERR: 无法加载控制器:Wenda

[ 2016-08-07T10:43:34+08:00 ] ::1 /wenda/Public/js/jquery-__APP__/View/Public.7.2.min.js
ERR: 无法加载控制器:Wenda

[ 2016-08-07T10:43:34+08:00 ] ::1 /wenda/Public/css/admin.css
ERR: 无法加载控制器:Wenda

[ 2016-08-07T10:43:34+08:00 ] ::1 /wenda/Public/js/admin.js
ERR: 无法加载控制器:Wenda

[ 2016-08-07T10:43:34+08:00 ] ::1 /wenda/Public/js/admin.js
ERR: 无法加载控制器:Wenda

[ 2016-08-07T10:46:17+08:00 ] ::1 /wenda/Public/css/admin.css
ERR: 无法加载控制器:Wenda

[ 2016-08-07T10:46:17+08:00 ] ::1 /wenda/Public/js/admin.js
ERR: 无法加载控制器:Wenda

[ 2016-08-07T10:46:17+08:00 ] ::1 /wenda/Public/js/jquery-/wenda/AdminHome/View/Public.7.2.min.js
ERR: 无法加载控制器:Wenda

[ 2016-08-07T10:46:17+08:00 ] ::1 /wenda/Public/js/admin.js
ERR: 无法加载控制器:Wenda

[ 2016-08-07T10:49:27+08:00 ] ::1 /wenda/Public/js/admin.js
ERR: 无法加载控制器:Wenda

[ 2016-08-07T10:49:27+08:00 ] ::1 /wenda/Public/js/jquery-/wenda/AdminHome/View/Public.7.2.min.js
ERR: 无法加载控制器:Wenda

[ 2016-08-07T10:49:27+08:00 ] ::1 /wenda/Public/css/admin.css
ERR: 无法加载控制器:Wenda

[ 2016-08-07T10:49:27+08:00 ] ::1 /wenda/Public/js/admin.js
ERR: 无法加载控制器:Wenda

[ 2016-08-07T10:51:38+08:00 ] ::1 /wenda/Public/Css/admin.css
ERR: 无法加载控制器:Wenda

[ 2016-08-07T10:51:38+08:00 ] ::1 /wenda/Public/Js/jquery-/wenda/AdminHome/View/Public.7.2.min.js
ERR: 无法加载控制器:Wenda

[ 2016-08-07T10:51:38+08:00 ] ::1 /wenda/Public/Js/admin.js
ERR: 无法加载控制器:Wenda

[ 2016-08-07T10:53:55+08:00 ] ::1 /wenda/Public/Js/jquery-/wenda/Admin/Home/View/Public.7.2.min.js
ERR: 无法加载控制器:Wenda

[ 2016-08-07T10:53:55+08:00 ] ::1 /wenda/Public/Js/admin.js
ERR: 无法加载控制器:Wenda

[ 2016-08-07T10:53:55+08:00 ] ::1 /wenda/Public/Css/admin.css
ERR: 无法加载控制器:Wenda

[ 2016-08-07T10:53:55+08:00 ] ::1 /wenda/Public/Js/admin.js
ERR: 无法加载控制器:Wenda

[ 2016-08-07T14:29:36+08:00 ] ::1 /wenda/Public/Css/admin.css
ERR: 无法加载控制器:Wenda

[ 2016-08-07T14:29:36+08:00 ] ::1 /wenda/Public/Js/jquery-/wenda/Admin/Home/View/Public.7.2.min.js
ERR: 无法加载控制器:Wenda

[ 2016-08-07T14:29:36+08:00 ] ::1 /wenda/Public/Js/admin.js
ERR: 无法加载控制器:Wenda

[ 2016-08-07T14:49:53+08:00 ] ::1 /wenda/Public/Css/admin.css
ERR: 无法加载控制器:Wenda

[ 2016-08-07T14:49:53+08:00 ] ::1 /wenda/Public/Js/admin.js
ERR: 无法加载控制器:Wenda

[ 2016-08-07T14:49:53+08:00 ] ::1 /wenda/Public/Js/jquery-1.7.2.min.js
ERR: 无法加载控制器:Wenda

[ 2016-08-07T14:49:53+08:00 ] ::1 /wenda/Public/Js/admin.js
ERR: 无法加载控制器:Wenda

[ 2016-08-07T14:51:54+08:00 ] ::1 /wenda/Public/Css/admin.css
ERR: 无法加载控制器:Wenda

[ 2016-08-07T14:51:54+08:00 ] ::1 /wenda/Public/Js/jquery-1.7.2.min.js
ERR: 无法加载控制器:Wenda

[ 2016-08-07T14:51:54+08:00 ] ::1 /wenda/Public/Js/admin.js
ERR: 无法加载控制器:Wenda

