[ 2016-08-29T08:14:04+08:00 ] ::1 /Index/login
INFO: [ app_begin ] --START--
INFO: Run Behavior\ReadHtmlCacheBehavior [ RunTime:0.001711s ]
INFO: [ app_begin ] --END-- [ RunTime:0.003403s ]
SQL: SHOW COLUMNS FROM `user` [ RunTime:0.0046s ]
SQL: SELECT COUNT(*) AS tp_count FROM `user` WHERE `account` = 'admin' AND `password` = '21232f297a57a5a743894a0e4a801fc3' LIMIT 1   [ RunTime:0.0007s ]
SQL: SHOW COLUMNS FROM `audit` [ RunTime:0.0038s ]
SQL: INSERT INTO `audit` (`name`,`ip`,`module`,`time`,`result`) VALUES ('admin','::1','登录','16-08-29 08:14:04','成功') [ RunTime:0.0426s ]

[ 2016-08-29T14:01:18+08:00 ] ::1 /People/import
ERR: 1064:Erreur de syntaxe près de '(`employee_no`,`name`,`gender`,`birthday`,`first_class`,`second_class`,`phone`,`' à la ligne 1
 [ SQL语句 ] : INSERT INTO  (`employee_no`,`name`,`gender`,`birthday`,`first_class`,`second_class`,`phone`,`office_phone`,`email`,`degree_id`,`type_id`,`title_id`,`college_id`,`postdoctor`) VALUES ('66666','李测试','男','33520','物理学','空气动力','110','112','jjj@nankai.edu.cn','3','3','1','22','1')

[ 2016-08-29T14:10:49+08:00 ] ::1 /People/import
ERR: 1064:You have an error in your SQL syntax; check the manual that corresponds to your MySQL server version for the right syntax to use near '(`employee_no`,`name`,`gender`,`birthday`,`first_class`,`second_class`,`phone`,`' at line 1
 [ SQL语句 ] : INSERT INTO  (`employee_no`,`name`,`gender`,`birthday`,`first_class`,`second_class`,`phone`,`office_phone`,`email`,`degree_id`,`type_id`,`title_id`,`college_id`,`postdoctor`) VALUES ('66666','李测试','男','33520','物理学','空气动力','110','112','jjj@nankai.edu.cn','3','3','1','22','1')

[ 2016-08-29T20:10:17+08:00 ] 127.0.0.1 /announce.php?passkey=937af33f5a14115f3a7403e97fdcdec8&info_hash=%e6%1c7%d1%e9c%8e%11%f6r%db%7c%b0%f5%bfF2kQ%07&peer_id=-UT2040-RT%fb%a5%d2%28%ab-%a9%88%91%ed&port=53172&uploaded=0&downloaded=0&left=0&corrupt=0&key=E11CDB26&event=started&numwant=200&compact=1&no_peer_id=1&ipv6=2001%3a0%3a9d38%3a6ab8%3a385d%3a474f%3ac3e2%3a66ea
ERR: 无法加载控制器:Announce

Announce

[ 2016-08-29T20:40:13+08:00 ] 127.0.0.1 /announce.php?passkey=937af33f5a14115f3a7403e97fdcdec8&info_hash=%e6%1c7%d1%e9c%8e%11%f6r%db%7c%b0%f5%bfF2kQ%07&peer_id=-UT2040-RT%fb%a5%d2%28%ab-%a9%88%91%ed&port=53172&uploaded=0&downloaded=0&left=0&corrupt=0&key=E11CDB26&event=started&numwant=200&compact=1&no_peer_id=1&ipv6=2001%3a0%3a9d38%3a6ab8%3a24f4%3a6646%3ac3e2%3a66ea
ERR: 无法加载控制器:Announce

[ 2016-08-29T20:40:13+08:00 ] 127.0.0.1 /announce.php?passkey=937af33f5a14115f3a7403e97fdcdec8&info_hash=%09D%9a%c2o%18i%05%97%10%0b%e8%98S%d0%81u%e7%1ew&peer_id=-UT2040-RT%fb%a5%d2%28%ab-%a9%88%91%ed&port=53172&uploaded=0&downloaded=0&left=14849830672&corrupt=0&key=E11CDB26&event=started&numwant=200&compact=1&no_peer_id=1&ipv6=2001%3a0%3a9d38%3a6ab8%3a24f4%3a6646%3ac3e2%3a66ea
ERR: 无法加载控制器:Announce

[ 2016-08-29T22:05:44+08:00 ] ::1 /Index/login
INFO: [ app_begin ] --START--
INFO: Run Behavior\ReadHtmlCacheBehavior [ RunTime:0.001014s ]
INFO: [ app_begin ] --END-- [ RunTime:0.002441s ]
SQL: SHOW COLUMNS FROM `user` [ RunTime:0.5400s ]
SQL: SELECT COUNT(*) AS tp_count FROM `user` WHERE `account` = 'admin' AND `password` = '21232f297a57a5a743894a0e4a801fc3' LIMIT 1   [ RunTime:0.1508s ]
SQL: SHOW COLUMNS FROM `audit` [ RunTime:0.1322s ]
SQL: INSERT INTO `audit` (`name`,`ip`,`module`,`time`,`result`) VALUES ('admin','::1','登录','16-08-29 10:05:44','成功') [ RunTime:0.3645s ]

