[ 2016-07-21T16:04:21+08:00 ] ::1 /Index/login
INFO: [ app_begin ] --START--
INFO: Run Behavior\ReadHtmlCacheBehavior [ RunTime:0.000819s ]
INFO: [ app_begin ] --END-- [ RunTime:0.001320s ]
SQL: SHOW COLUMNS FROM `user` [ RunTime:0.0414s ]
SQL: SELECT * FROM `user`  [ RunTime:0.0093s ]
SQL: SHOW COLUMNS FROM `audit` [ RunTime:0.0036s ]
SQL: INSERT INTO `audit` (`name`,`ip`,`module`,`time`,`result`) VALUES ('yan','::1','登录','16-07-21 04:04:21','成功') [ RunTime:0.0572s ]

[ 2016-07-21T16:25:24+08:00 ] ::1 /Index/login
INFO: [ app_begin ] --START--
INFO: Run Behavior\ReadHtmlCacheBehavior [ RunTime:0.001273s ]
INFO: [ app_begin ] --END-- [ RunTime:0.002150s ]
SQL: SHOW COLUMNS FROM `user` [ RunTime:0.0038s ]
SQL: SELECT * FROM `user`  [ RunTime:0.0007s ]
SQL: SHOW COLUMNS FROM `audit` [ RunTime:0.0034s ]
SQL: INSERT INTO `audit` (`name`,`ip`,`module`,`time`,`result`) VALUES ('yan','::1','登录','16-07-21 04:25:24','成功') [ RunTime:0.2039s ]

[ 2016-07-21T16:29:27+08:00 ] ::1 /People/queryAPI
INFO: [ app_begin ] --START--
INFO: Run Behavior\ReadHtmlCacheBehavior [ RunTime:0.001386s ]
INFO: [ app_begin ] --END-- [ RunTime:0.002141s ]
SQL: SHOW COLUMNS FROM `person` [ RunTime:0.0056s ]
SQL: SHOW COLUMNS FROM `college` [ RunTime:0.0048s ]
SQL: SHOW COLUMNS FROM `person_mentor_type` [ RunTime:0.0051s ]
SQL: SHOW COLUMNS FROM `person_degree` [ RunTime:0.0057s ]
SQL: SHOW COLUMNS FROM `person_title` [ RunTime:0.0049s ]
SQL: SHOW COLUMNS FROM `person_type` [ RunTime:0.0047s ]
SQL: SHOW COLUMNS FROM `person_honor` [ RunTime:0.0044s ]
SQL: SHOW COLUMNS FROM `academic_honor` [ RunTime:0.0047s ]
SQL: SELECT person.birthday AS birthday FROM person person LEFT JOIN college college ON person.college_id=college.id LEFT JOIN person_mentor_type person_mentor_type ON person.mentor_type_id=person_mentor_type.id LEFT JOIN person_degree person_degree ON person.degree_id=person_degree.id LEFT JOIN person_title person_title ON person.title_id=person_title.id LEFT JOIN person_type person_type ON person.type_id=person_type.id LEFT JOIN person_honor person_honor ON person.id=person_honor.person_id LEFT JOIN academic_honor academic_honor ON academic_honor.id=person_honor.honor_id  [ RunTime:0.0196s ]

[ 2016-07-21T16:32:38+08:00 ] ::1 /People/queryAPI
INFO: [ app_begin ] --START--
INFO: Run Behavior\ReadHtmlCacheBehavior [ RunTime:0.000817s ]
INFO: [ app_begin ] --END-- [ RunTime:0.001381s ]
SQL: SHOW COLUMNS FROM `person` [ RunTime:0.0047s ]
SQL: SHOW COLUMNS FROM `college` [ RunTime:0.0036s ]
SQL: SHOW COLUMNS FROM `person_mentor_type` [ RunTime:0.0053s ]
SQL: SHOW COLUMNS FROM `person_degree` [ RunTime:0.0035s ]
SQL: SHOW COLUMNS FROM `person_title` [ RunTime:0.0032s ]
SQL: SHOW COLUMNS FROM `person_type` [ RunTime:0.0031s ]
SQL: SHOW COLUMNS FROM `person_honor` [ RunTime:0.0038s ]
SQL: SHOW COLUMNS FROM `academic_honor` [ RunTime:0.0033s ]
SQL: SELECT person.birthday AS birthday FROM person person LEFT JOIN college college ON person.college_id=college.id LEFT JOIN person_mentor_type person_mentor_type ON person.mentor_type_id=person_mentor_type.id LEFT JOIN person_degree person_degree ON person.degree_id=person_degree.id LEFT JOIN person_title person_title ON person.title_id=person_title.id LEFT JOIN person_type person_type ON person.type_id=person_type.id LEFT JOIN person_honor person_honor ON person.id=person_honor.person_id LEFT JOIN academic_honor academic_honor ON academic_honor.id=person_honor.honor_id  [ RunTime:0.0116s ]

[ 2016-07-21T16:32:42+08:00 ] ::1 /People/queryAPI
INFO: [ app_begin ] --START--
INFO: Run Behavior\ReadHtmlCacheBehavior [ RunTime:0.000951s ]
INFO: [ app_begin ] --END-- [ RunTime:0.001518s ]
SQL: SHOW COLUMNS FROM `person` [ RunTime:0.0038s ]
SQL: SHOW COLUMNS FROM `college` [ RunTime:0.0033s ]
SQL: SHOW COLUMNS FROM `person_mentor_type` [ RunTime:0.0034s ]
SQL: SHOW COLUMNS FROM `person_degree` [ RunTime:0.0035s ]
SQL: SHOW COLUMNS FROM `person_title` [ RunTime:0.0035s ]
SQL: SHOW COLUMNS FROM `person_type` [ RunTime:0.0033s ]
SQL: SHOW COLUMNS FROM `person_honor` [ RunTime:0.0032s ]
SQL: SHOW COLUMNS FROM `academic_honor` [ RunTime:0.0033s ]
SQL: SELECT count(*) as count,college.name AS col_name FROM person person LEFT JOIN college college ON person.college_id=college.id LEFT JOIN person_mentor_type person_mentor_type ON person.mentor_type_id=person_mentor_type.id LEFT JOIN person_degree person_degree ON person.degree_id=person_degree.id LEFT JOIN person_title person_title ON person.title_id=person_title.id LEFT JOIN person_type person_type ON person.type_id=person_type.id LEFT JOIN person_honor person_honor ON person.id=person_honor.person_id LEFT JOIN academic_honor academic_honor ON academic_honor.id=person_honor.honor_id GROUP BY college.id  [ RunTime:0.0107s ]

[ 2016-07-21T16:32:45+08:00 ] ::1 /People/queryAPI
INFO: [ app_begin ] --START--
INFO: Run Behavior\ReadHtmlCacheBehavior [ RunTime:0.001355s ]
INFO: [ app_begin ] --END-- [ RunTime:0.002573s ]
SQL: SHOW COLUMNS FROM `person` [ RunTime:0.0054s ]
SQL: SHOW COLUMNS FROM `college` [ RunTime:0.0037s ]
SQL: SHOW COLUMNS FROM `person_mentor_type` [ RunTime:0.0053s ]
SQL: SHOW COLUMNS FROM `person_degree` [ RunTime:0.0048s ]
SQL: SHOW COLUMNS FROM `person_title` [ RunTime:0.0039s ]
SQL: SHOW COLUMNS FROM `person_type` [ RunTime:0.0054s ]
SQL: SHOW COLUMNS FROM `person_honor` [ RunTime:0.0050s ]
SQL: SHOW COLUMNS FROM `academic_honor` [ RunTime:0.0040s ]
SQL: SELECT count(*) as count,person_mentor_type.name AS men_name FROM person person LEFT JOIN college college ON person.college_id=college.id LEFT JOIN person_mentor_type person_mentor_type ON person.mentor_type_id=person_mentor_type.id LEFT JOIN person_degree person_degree ON person.degree_id=person_degree.id LEFT JOIN person_title person_title ON person.title_id=person_title.id LEFT JOIN person_type person_type ON person.type_id=person_type.id LEFT JOIN person_honor person_honor ON person.id=person_honor.person_id LEFT JOIN academic_honor academic_honor ON academic_honor.id=person_honor.honor_id GROUP BY person_mentor_type.id  [ RunTime:0.0312s ]

[ 2016-07-21T16:32:47+08:00 ] ::1 /People/queryAPI
INFO: [ app_begin ] --START--
INFO: Run Behavior\ReadHtmlCacheBehavior [ RunTime:0.000854s ]
INFO: [ app_begin ] --END-- [ RunTime:0.001424s ]
SQL: SHOW COLUMNS FROM `person` [ RunTime:0.0039s ]
SQL: SHOW COLUMNS FROM `college` [ RunTime:0.0033s ]
SQL: SHOW COLUMNS FROM `person_mentor_type` [ RunTime:0.0040s ]
SQL: SHOW COLUMNS FROM `person_degree` [ RunTime:0.0033s ]
SQL: SHOW COLUMNS FROM `person_title` [ RunTime:0.0042s ]
SQL: SHOW COLUMNS FROM `person_type` [ RunTime:0.0032s ]
SQL: SHOW COLUMNS FROM `person_honor` [ RunTime:0.0034s ]
SQL: SHOW COLUMNS FROM `academic_honor` [ RunTime:0.0033s ]
SQL: SELECT count(*) as count,person_degree.name AS deg_name FROM person person LEFT JOIN college college ON person.college_id=college.id LEFT JOIN person_mentor_type person_mentor_type ON person.mentor_type_id=person_mentor_type.id LEFT JOIN person_degree person_degree ON person.degree_id=person_degree.id LEFT JOIN person_title person_title ON person.title_id=person_title.id LEFT JOIN person_type person_type ON person.type_id=person_type.id LEFT JOIN person_honor person_honor ON person.id=person_honor.person_id LEFT JOIN academic_honor academic_honor ON academic_honor.id=person_honor.honor_id GROUP BY person_degree.id  [ RunTime:0.0120s ]

[ 2016-07-21T16:32:50+08:00 ] ::1 /People/queryAPI
INFO: [ app_begin ] --START--
INFO: Run Behavior\ReadHtmlCacheBehavior [ RunTime:0.000840s ]
INFO: [ app_begin ] --END-- [ RunTime:0.001389s ]
SQL: SHOW COLUMNS FROM `person` [ RunTime:0.0040s ]
SQL: SHOW COLUMNS FROM `college` [ RunTime:0.0037s ]
SQL: SHOW COLUMNS FROM `person_mentor_type` [ RunTime:0.0035s ]
SQL: SHOW COLUMNS FROM `person_degree` [ RunTime:0.0033s ]
SQL: SHOW COLUMNS FROM `person_title` [ RunTime:0.0043s ]
SQL: SHOW COLUMNS FROM `person_type` [ RunTime:0.0033s ]
SQL: SHOW COLUMNS FROM `person_honor` [ RunTime:0.0034s ]
SQL: SHOW COLUMNS FROM `academic_honor` [ RunTime:0.0034s ]
SQL: SELECT count(*) as count,person_title.name AS gra_name FROM person person LEFT JOIN college college ON person.college_id=college.id LEFT JOIN person_mentor_type person_mentor_type ON person.mentor_type_id=person_mentor_type.id LEFT JOIN person_degree person_degree ON person.degree_id=person_degree.id LEFT JOIN person_title person_title ON person.title_id=person_title.id LEFT JOIN person_type person_type ON person.type_id=person_type.id LEFT JOIN person_honor person_honor ON person.id=person_honor.person_id LEFT JOIN academic_honor academic_honor ON academic_honor.id=person_honor.honor_id GROUP BY person_title.id  [ RunTime:0.0104s ]

[ 2016-07-21T16:32:53+08:00 ] ::1 /People/queryAPI
INFO: [ app_begin ] --START--
INFO: Run Behavior\ReadHtmlCacheBehavior [ RunTime:0.001280s ]
INFO: [ app_begin ] --END-- [ RunTime:0.002146s ]
SQL: SHOW COLUMNS FROM `person` [ RunTime:0.0060s ]
SQL: SHOW COLUMNS FROM `college` [ RunTime:0.0052s ]
SQL: SHOW COLUMNS FROM `person_mentor_type` [ RunTime:0.0047s ]
SQL: SHOW COLUMNS FROM `person_degree` [ RunTime:0.0039s ]
SQL: SHOW COLUMNS FROM `person_title` [ RunTime:0.0041s ]
SQL: SHOW COLUMNS FROM `person_type` [ RunTime:0.0043s ]
SQL: SHOW COLUMNS FROM `person_honor` [ RunTime:0.0040s ]
SQL: SHOW COLUMNS FROM `academic_honor` [ RunTime:0.0045s ]
SQL: SELECT count(*) as count,person_type.name AS per_name FROM person person LEFT JOIN college college ON person.college_id=college.id LEFT JOIN person_mentor_type person_mentor_type ON person.mentor_type_id=person_mentor_type.id LEFT JOIN person_degree person_degree ON person.degree_id=person_degree.id LEFT JOIN person_title person_title ON person.title_id=person_title.id LEFT JOIN person_type person_type ON person.type_id=person_type.id LEFT JOIN person_honor person_honor ON person.id=person_honor.person_id LEFT JOIN academic_honor academic_honor ON academic_honor.id=person_honor.honor_id GROUP BY person_type.id  [ RunTime:0.0166s ]

[ 2016-07-21T16:32:55+08:00 ] ::1 /People/queryAPI
INFO: [ app_begin ] --START--
INFO: Run Behavior\ReadHtmlCacheBehavior [ RunTime:0.000962s ]
INFO: [ app_begin ] --END-- [ RunTime:0.001609s ]
SQL: SHOW COLUMNS FROM `person` [ RunTime:0.0071s ]
SQL: SHOW COLUMNS FROM `college` [ RunTime:0.0036s ]
SQL: SHOW COLUMNS FROM `person_mentor_type` [ RunTime:0.0036s ]
SQL: SHOW COLUMNS FROM `person_degree` [ RunTime:0.0059s ]
SQL: SHOW COLUMNS FROM `person_title` [ RunTime:0.0039s ]
SQL: SHOW COLUMNS FROM `person_type` [ RunTime:0.0031s ]
SQL: SHOW COLUMNS FROM `person_honor` [ RunTime:0.0053s ]
SQL: SHOW COLUMNS FROM `academic_honor` [ RunTime:0.0049s ]
SQL: SELECT count(*) as count,academic_honor.name AS aca_name FROM person person LEFT JOIN college college ON person.college_id=college.id LEFT JOIN person_mentor_type person_mentor_type ON person.mentor_type_id=person_mentor_type.id LEFT JOIN person_degree person_degree ON person.degree_id=person_degree.id LEFT JOIN person_title person_title ON person.title_id=person_title.id LEFT JOIN person_type person_type ON person.type_id=person_type.id LEFT JOIN person_honor person_honor ON person.id=person_honor.person_id LEFT JOIN academic_honor academic_honor ON academic_honor.id=person_honor.honor_id GROUP BY academic_honor.id  [ RunTime:0.0488s ]

[ 2016-07-21T16:32:57+08:00 ] ::1 /People/queryAPI
INFO: [ app_begin ] --START--
INFO: Run Behavior\ReadHtmlCacheBehavior [ RunTime:0.000870s ]
INFO: [ app_begin ] --END-- [ RunTime:0.001475s ]
SQL: SHOW COLUMNS FROM `person` [ RunTime:0.0040s ]
SQL: SHOW COLUMNS FROM `college` [ RunTime:0.0032s ]
SQL: SHOW COLUMNS FROM `person_mentor_type` [ RunTime:0.0033s ]
SQL: SHOW COLUMNS FROM `person_degree` [ RunTime:0.0033s ]
SQL: SHOW COLUMNS FROM `person_title` [ RunTime:0.0032s ]
SQL: SHOW COLUMNS FROM `person_type` [ RunTime:0.0034s ]
SQL: SHOW COLUMNS FROM `person_honor` [ RunTime:0.0034s ]
SQL: SHOW COLUMNS FROM `academic_honor` [ RunTime:0.0034s ]
SQL: SELECT person.birthday AS birthday,college.name AS col_name FROM person person LEFT JOIN college college ON person.college_id=college.id LEFT JOIN person_mentor_type person_mentor_type ON person.mentor_type_id=person_mentor_type.id LEFT JOIN person_degree person_degree ON person.degree_id=person_degree.id LEFT JOIN person_title person_title ON person.title_id=person_title.id LEFT JOIN person_type person_type ON person.type_id=person_type.id LEFT JOIN person_honor person_honor ON person.id=person_honor.person_id LEFT JOIN academic_honor academic_honor ON academic_honor.id=person_honor.honor_id  [ RunTime:0.0105s ]

[ 2016-07-21T16:33:04+08:00 ] ::1 /People/queryAPI
INFO: [ app_begin ] --START--
INFO: Run Behavior\ReadHtmlCacheBehavior [ RunTime:0.000824s ]
INFO: [ app_begin ] --END-- [ RunTime:0.001394s ]
SQL: SHOW COLUMNS FROM `person` [ RunTime:0.0042s ]
SQL: SHOW COLUMNS FROM `college` [ RunTime:0.0032s ]
SQL: SHOW COLUMNS FROM `person_mentor_type` [ RunTime:0.0035s ]
SQL: SHOW COLUMNS FROM `person_degree` [ RunTime:0.0032s ]
SQL: SHOW COLUMNS FROM `person_title` [ RunTime:0.0031s ]
SQL: SHOW COLUMNS FROM `person_type` [ RunTime:0.0033s ]
SQL: SHOW COLUMNS FROM `person_honor` [ RunTime:0.0035s ]
SQL: SHOW COLUMNS FROM `academic_honor` [ RunTime:0.0032s ]
SQL: SELECT person.birthday AS birthday FROM person person LEFT JOIN college college ON person.college_id=college.id LEFT JOIN person_mentor_type person_mentor_type ON person.mentor_type_id=person_mentor_type.id LEFT JOIN person_degree person_degree ON person.degree_id=person_degree.id LEFT JOIN person_title person_title ON person.title_id=person_title.id LEFT JOIN person_type person_type ON person.type_id=person_type.id LEFT JOIN person_honor person_honor ON person.id=person_honor.person_id LEFT JOIN academic_honor academic_honor ON academic_honor.id=person_honor.honor_id  [ RunTime:0.0112s ]

[ 2016-07-21T16:34:46+08:00 ] ::1 /People/queryAPI
INFO: [ app_begin ] --START--
INFO: Run Behavior\ReadHtmlCacheBehavior [ RunTime:0.000825s ]
INFO: [ app_begin ] --END-- [ RunTime:0.001390s ]
SQL: SHOW COLUMNS FROM `person` [ RunTime:0.0041s ]
SQL: SHOW COLUMNS FROM `college` [ RunTime:0.0035s ]
SQL: SHOW COLUMNS FROM `person_mentor_type` [ RunTime:0.0036s ]
SQL: SHOW COLUMNS FROM `person_degree` [ RunTime:0.0036s ]
SQL: SHOW COLUMNS FROM `person_title` [ RunTime:0.0035s ]
SQL: SHOW COLUMNS FROM `person_type` [ RunTime:0.0032s ]
SQL: SHOW COLUMNS FROM `person_honor` [ RunTime:0.0033s ]
SQL: SHOW COLUMNS FROM `academic_honor` [ RunTime:0.0041s ]
SQL: SELECT count(*) as count,person_type.name AS per_name FROM person person LEFT JOIN college college ON person.college_id=college.id LEFT JOIN person_mentor_type person_mentor_type ON person.mentor_type_id=person_mentor_type.id LEFT JOIN person_degree person_degree ON person.degree_id=person_degree.id LEFT JOIN person_title person_title ON person.title_id=person_title.id LEFT JOIN person_type person_type ON person.type_id=person_type.id LEFT JOIN person_honor person_honor ON person.id=person_honor.person_id LEFT JOIN academic_honor academic_honor ON academic_honor.id=person_honor.honor_id GROUP BY person_type.id  [ RunTime:0.0114s ]

[ 2016-07-21T16:34:49+08:00 ] ::1 /People/queryAPI
INFO: [ app_begin ] --START--
INFO: Run Behavior\ReadHtmlCacheBehavior [ RunTime:0.000815s ]
INFO: [ app_begin ] --END-- [ RunTime:0.001429s ]
SQL: SHOW COLUMNS FROM `person` [ RunTime:0.0047s ]
SQL: SHOW COLUMNS FROM `college` [ RunTime:0.0035s ]
SQL: SHOW COLUMNS FROM `person_mentor_type` [ RunTime:0.0031s ]
SQL: SHOW COLUMNS FROM `person_degree` [ RunTime:0.0034s ]
SQL: SHOW COLUMNS FROM `person_title` [ RunTime:0.0035s ]
SQL: SHOW COLUMNS FROM `person_type` [ RunTime:0.0036s ]
SQL: SHOW COLUMNS FROM `person_honor` [ RunTime:0.0031s ]
SQL: SHOW COLUMNS FROM `academic_honor` [ RunTime:0.0036s ]
SQL: SELECT person.birthday AS birthday FROM person person LEFT JOIN college college ON person.college_id=college.id LEFT JOIN person_mentor_type person_mentor_type ON person.mentor_type_id=person_mentor_type.id LEFT JOIN person_degree person_degree ON person.degree_id=person_degree.id LEFT JOIN person_title person_title ON person.title_id=person_title.id LEFT JOIN person_type person_type ON person.type_id=person_type.id LEFT JOIN person_honor person_honor ON person.id=person_honor.person_id LEFT JOIN academic_honor academic_honor ON academic_honor.id=person_honor.honor_id  [ RunTime:0.0101s ]

[ 2016-07-21T16:34:54+08:00 ] ::1 /People/queryAPI
INFO: [ app_begin ] --START--
INFO: Run Behavior\ReadHtmlCacheBehavior [ RunTime:0.000964s ]
INFO: [ app_begin ] --END-- [ RunTime:0.001623s ]
SQL: SHOW COLUMNS FROM `person` [ RunTime:0.0043s ]
SQL: SHOW COLUMNS FROM `college` [ RunTime:0.0034s ]
SQL: SHOW COLUMNS FROM `person_mentor_type` [ RunTime:0.0038s ]
SQL: SHOW COLUMNS FROM `person_degree` [ RunTime:0.0032s ]
SQL: SHOW COLUMNS FROM `person_title` [ RunTime:0.0041s ]
SQL: SHOW COLUMNS FROM `person_type` [ RunTime:0.0037s ]
SQL: SHOW COLUMNS FROM `person_honor` [ RunTime:0.0036s ]
SQL: SHOW COLUMNS FROM `academic_honor` [ RunTime:0.0032s ]
SQL: SELECT count(*) as count,academic_honor.name AS aca_name FROM person person LEFT JOIN college college ON person.college_id=college.id LEFT JOIN person_mentor_type person_mentor_type ON person.mentor_type_id=person_mentor_type.id LEFT JOIN person_degree person_degree ON person.degree_id=person_degree.id LEFT JOIN person_title person_title ON person.title_id=person_title.id LEFT JOIN person_type person_type ON person.type_id=person_type.id LEFT JOIN person_honor person_honor ON person.id=person_honor.person_id LEFT JOIN academic_honor academic_honor ON academic_honor.id=person_honor.honor_id GROUP BY academic_honor.id  [ RunTime:0.0093s ]

[ 2016-07-21T16:35:38+08:00 ] ::1 /People/queryAPI
INFO: [ app_begin ] --START--
INFO: Run Behavior\ReadHtmlCacheBehavior [ RunTime:0.000835s ]
INFO: [ app_begin ] --END-- [ RunTime:0.001436s ]
SQL: SHOW COLUMNS FROM `person` [ RunTime:0.0041s ]
SQL: SHOW COLUMNS FROM `college` [ RunTime:0.0037s ]
SQL: SHOW COLUMNS FROM `person_mentor_type` [ RunTime:0.0041s ]
SQL: SHOW COLUMNS FROM `person_degree` [ RunTime:0.0034s ]
SQL: SHOW COLUMNS FROM `person_title` [ RunTime:0.0034s ]
SQL: SHOW COLUMNS FROM `person_type` [ RunTime:0.0033s ]
SQL: SHOW COLUMNS FROM `person_honor` [ RunTime:0.0034s ]
SQL: SHOW COLUMNS FROM `academic_honor` [ RunTime:0.0031s ]
SQL: SELECT count(*) as count,college.name AS col_name FROM person person LEFT JOIN college college ON person.college_id=college.id LEFT JOIN person_mentor_type person_mentor_type ON person.mentor_type_id=person_mentor_type.id LEFT JOIN person_degree person_degree ON person.degree_id=person_degree.id LEFT JOIN person_title person_title ON person.title_id=person_title.id LEFT JOIN person_type person_type ON person.type_id=person_type.id LEFT JOIN person_honor person_honor ON person.id=person_honor.person_id LEFT JOIN academic_honor academic_honor ON academic_honor.id=person_honor.honor_id GROUP BY college.id  [ RunTime:0.0113s ]

[ 2016-07-21T16:38:30+08:00 ] ::1 /People/queryAPI
INFO: [ app_begin ] --START--
INFO: Run Behavior\ReadHtmlCacheBehavior [ RunTime:0.001071s ]
INFO: [ app_begin ] --END-- [ RunTime:0.001903s ]
SQL: SHOW COLUMNS FROM `person` [ RunTime:0.0041s ]
SQL: SHOW COLUMNS FROM `college` [ RunTime:0.0036s ]
SQL: SHOW COLUMNS FROM `person_mentor_type` [ RunTime:0.0035s ]
SQL: SHOW COLUMNS FROM `person_degree` [ RunTime:0.0035s ]
SQL: SHOW COLUMNS FROM `person_title` [ RunTime:0.0033s ]
SQL: SHOW COLUMNS FROM `person_type` [ RunTime:0.0033s ]
SQL: SHOW COLUMNS FROM `person_honor` [ RunTime:0.0031s ]
SQL: SHOW COLUMNS FROM `academic_honor` [ RunTime:0.0034s ]
SQL: SELECT person.birthday AS birthday,college.name AS col_name FROM person person LEFT JOIN college college ON person.college_id=college.id LEFT JOIN person_mentor_type person_mentor_type ON person.mentor_type_id=person_mentor_type.id LEFT JOIN person_degree person_degree ON person.degree_id=person_degree.id LEFT JOIN person_title person_title ON person.title_id=person_title.id LEFT JOIN person_type person_type ON person.type_id=person_type.id LEFT JOIN person_honor person_honor ON person.id=person_honor.person_id LEFT JOIN academic_honor academic_honor ON academic_honor.id=person_honor.honor_id  [ RunTime:0.0106s ]

[ 2016-07-21T17:46:14+08:00 ] ::1 /Index/login
INFO: [ app_begin ] --START--
INFO: Run Behavior\ReadHtmlCacheBehavior [ RunTime:0.000957s ]
INFO: [ app_begin ] --END-- [ RunTime:0.001912s ]
SQL: SHOW COLUMNS FROM `audit` [ RunTime:0.0038s ]
SQL: INSERT INTO `audit` (`name`,`ip`,`module`,`time`,`result`,`descr`) VALUES ('nankai','::1','登录','16-07-21 05:46:14','失败','验证码错误') [ RunTime:0.0422s ]

[ 2016-07-21T17:46:26+08:00 ] ::1 /Index/login
INFO: [ app_begin ] --START--
INFO: Run Behavior\ReadHtmlCacheBehavior [ RunTime:0.000564s ]
INFO: [ app_begin ] --END-- [ RunTime:0.001112s ]
SQL: SHOW COLUMNS FROM `user` [ RunTime:0.0457s ]
SQL: SELECT * FROM `user`  [ RunTime:0.0003s ]
SQL: SHOW COLUMNS FROM `audit` [ RunTime:0.0038s ]
SQL: INSERT INTO `audit` (`name`,`ip`,`module`,`time`,`result`) VALUES ('nankai','::1','登录','16-07-21 05:46:26','成功') [ RunTime:0.0478s ]

[ 2016-07-21T17:49:56+08:00 ] ::1 /People/queryAPI
INFO: [ app_begin ] --START--
INFO: Run Behavior\ReadHtmlCacheBehavior [ RunTime:0.000836s ]
INFO: [ app_begin ] --END-- [ RunTime:0.001685s ]
SQL: SHOW COLUMNS FROM `person` [ RunTime:0.0122s ]
SQL: SHOW COLUMNS FROM `college` [ RunTime:0.0044s ]
SQL: SHOW COLUMNS FROM `person_mentor_type` [ RunTime:0.0042s ]
SQL: SHOW COLUMNS FROM `person_degree` [ RunTime:0.0048s ]
SQL: SHOW COLUMNS FROM `person_title` [ RunTime:0.0039s ]
SQL: SHOW COLUMNS FROM `person_type` [ RunTime:0.0048s ]
SQL: SHOW COLUMNS FROM `person_honor` [ RunTime:0.0039s ]
SQL: SHOW COLUMNS FROM `academic_honor` [ RunTime:0.0040s ]
SQL: SELECT person.birthday AS birthday FROM person person LEFT JOIN college college ON person.college_id=college.id LEFT JOIN person_mentor_type person_mentor_type ON person.mentor_type_id=person_mentor_type.id LEFT JOIN person_degree person_degree ON person.degree_id=person_degree.id LEFT JOIN person_title person_title ON person.title_id=person_title.id LEFT JOIN person_type person_type ON person.type_id=person_type.id LEFT JOIN person_honor person_honor ON person.id=person_honor.person_id LEFT JOIN academic_honor academic_honor ON academic_honor.id=person_honor.honor_id  [ RunTime:0.0160s ]

[ 2016-07-21T17:50:05+08:00 ] ::1 /People/queryAPI
INFO: [ app_begin ] --START--
INFO: Run Behavior\ReadHtmlCacheBehavior [ RunTime:0.000627s ]
INFO: [ app_begin ] --END-- [ RunTime:0.001223s ]
SQL: SHOW COLUMNS FROM `person` [ RunTime:0.0039s ]
SQL: SHOW COLUMNS FROM `college` [ RunTime:0.0031s ]
SQL: SHOW COLUMNS FROM `person_mentor_type` [ RunTime:0.0039s ]
SQL: SHOW COLUMNS FROM `person_degree` [ RunTime:0.0038s ]
SQL: SHOW COLUMNS FROM `person_title` [ RunTime:0.0033s ]
SQL: SHOW COLUMNS FROM `person_type` [ RunTime:0.0033s ]
SQL: SHOW COLUMNS FROM `person_honor` [ RunTime:0.0031s ]
SQL: SHOW COLUMNS FROM `academic_honor` [ RunTime:0.0031s ]
SQL: SELECT person.birthday AS birthday FROM person person LEFT JOIN college college ON person.college_id=college.id LEFT JOIN person_mentor_type person_mentor_type ON person.mentor_type_id=person_mentor_type.id LEFT JOIN person_degree person_degree ON person.degree_id=person_degree.id LEFT JOIN person_title person_title ON person.title_id=person_title.id LEFT JOIN person_type person_type ON person.type_id=person_type.id LEFT JOIN person_honor person_honor ON person.id=person_honor.person_id LEFT JOIN academic_honor academic_honor ON academic_honor.id=person_honor.honor_id  [ RunTime:0.0099s ]

[ 2016-07-21T17:50:19+08:00 ] ::1 /People/queryAPI
INFO: [ app_begin ] --START--
INFO: Run Behavior\ReadHtmlCacheBehavior [ RunTime:0.000981s ]
INFO: [ app_begin ] --END-- [ RunTime:0.001860s ]
SQL: SHOW COLUMNS FROM `person` [ RunTime:0.0042s ]
SQL: SHOW COLUMNS FROM `college` [ RunTime:0.0037s ]
SQL: SHOW COLUMNS FROM `person_mentor_type` [ RunTime:0.0034s ]
SQL: SHOW COLUMNS FROM `person_degree` [ RunTime:0.0035s ]
SQL: SHOW COLUMNS FROM `person_title` [ RunTime:0.0044s ]
SQL: SHOW COLUMNS FROM `person_type` [ RunTime:0.0031s ]
SQL: SHOW COLUMNS FROM `person_honor` [ RunTime:0.0038s ]
SQL: SHOW COLUMNS FROM `academic_honor` [ RunTime:0.0042s ]
SQL: SELECT count(*) as count,college.name AS col_name FROM person person LEFT JOIN college college ON person.college_id=college.id LEFT JOIN person_mentor_type person_mentor_type ON person.mentor_type_id=person_mentor_type.id LEFT JOIN person_degree person_degree ON person.degree_id=person_degree.id LEFT JOIN person_title person_title ON person.title_id=person_title.id LEFT JOIN person_type person_type ON person.type_id=person_type.id LEFT JOIN person_honor person_honor ON person.id=person_honor.person_id LEFT JOIN academic_honor academic_honor ON academic_honor.id=person_honor.honor_id GROUP BY college.id  [ RunTime:0.0106s ]

[ 2016-07-21T17:50:25+08:00 ] ::1 /People/queryAPI
INFO: [ app_begin ] --START--
INFO: Run Behavior\ReadHtmlCacheBehavior [ RunTime:0.000542s ]
INFO: [ app_begin ] --END-- [ RunTime:0.001016s ]
SQL: SHOW COLUMNS FROM `person` [ RunTime:0.0038s ]
SQL: SHOW COLUMNS FROM `college` [ RunTime:0.0034s ]
SQL: SHOW COLUMNS FROM `person_mentor_type` [ RunTime:0.0040s ]
SQL: SHOW COLUMNS FROM `person_degree` [ RunTime:0.0035s ]
SQL: SHOW COLUMNS FROM `person_title` [ RunTime:0.0034s ]
SQL: SHOW COLUMNS FROM `person_type` [ RunTime:0.0032s ]
SQL: SHOW COLUMNS FROM `person_honor` [ RunTime:0.0033s ]
SQL: SHOW COLUMNS FROM `academic_honor` [ RunTime:0.0033s ]
SQL: SELECT count(*) as count,person_mentor_type.name AS men_name FROM person person LEFT JOIN college college ON person.college_id=college.id LEFT JOIN person_mentor_type person_mentor_type ON person.mentor_type_id=person_mentor_type.id LEFT JOIN person_degree person_degree ON person.degree_id=person_degree.id LEFT JOIN person_title person_title ON person.title_id=person_title.id LEFT JOIN person_type person_type ON person.type_id=person_type.id LEFT JOIN person_honor person_honor ON person.id=person_honor.person_id LEFT JOIN academic_honor academic_honor ON academic_honor.id=person_honor.honor_id GROUP BY person_mentor_type.id  [ RunTime:0.0108s ]

[ 2016-07-21T17:53:11+08:00 ] ::1 /People/queryAPI
INFO: [ app_begin ] --START--
INFO: Run Behavior\ReadHtmlCacheBehavior [ RunTime:0.000988s ]
INFO: [ app_begin ] --END-- [ RunTime:0.001930s ]
SQL: SHOW COLUMNS FROM `person` [ RunTime:0.0051s ]
SQL: SHOW COLUMNS FROM `college` [ RunTime:0.0037s ]
SQL: SHOW COLUMNS FROM `person_mentor_type` [ RunTime:0.0049s ]
SQL: SHOW COLUMNS FROM `person_degree` [ RunTime:0.0040s ]
SQL: SHOW COLUMNS FROM `person_title` [ RunTime:0.0034s ]
SQL: SHOW COLUMNS FROM `person_type` [ RunTime:0.0038s ]
SQL: SHOW COLUMNS FROM `person_honor` [ RunTime:0.0041s ]
SQL: SHOW COLUMNS FROM `academic_honor` [ RunTime:0.0042s ]
SQL: SELECT person.birthday AS birthday FROM person person LEFT JOIN college college ON person.college_id=college.id LEFT JOIN person_mentor_type person_mentor_type ON person.mentor_type_id=person_mentor_type.id LEFT JOIN person_degree person_degree ON person.degree_id=person_degree.id LEFT JOIN person_title person_title ON person.title_id=person_title.id LEFT JOIN person_type person_type ON person.type_id=person_type.id LEFT JOIN person_honor person_honor ON person.id=person_honor.person_id LEFT JOIN academic_honor academic_honor ON academic_honor.id=person_honor.honor_id  [ RunTime:0.0177s ]

[ 2016-07-21T17:53:15+08:00 ] ::1 /People/queryAPI
INFO: [ app_begin ] --START--
INFO: Run Behavior\ReadHtmlCacheBehavior [ RunTime:0.000547s ]
INFO: [ app_begin ] --END-- [ RunTime:0.001135s ]
SQL: SHOW COLUMNS FROM `person` [ RunTime:0.0044s ]
SQL: SHOW COLUMNS FROM `college` [ RunTime:0.0032s ]
SQL: SHOW COLUMNS FROM `person_mentor_type` [ RunTime:0.0033s ]
SQL: SHOW COLUMNS FROM `person_degree` [ RunTime:0.0034s ]
SQL: SHOW COLUMNS FROM `person_title` [ RunTime:0.0045s ]
SQL: SHOW COLUMNS FROM `person_type` [ RunTime:0.0033s ]
SQL: SHOW COLUMNS FROM `person_honor` [ RunTime:0.0036s ]
SQL: SHOW COLUMNS FROM `academic_honor` [ RunTime:0.0035s ]
SQL: SELECT person.birthday AS birthday,college.name AS col_name FROM person person LEFT JOIN college college ON person.college_id=college.id LEFT JOIN person_mentor_type person_mentor_type ON person.mentor_type_id=person_mentor_type.id LEFT JOIN person_degree person_degree ON person.degree_id=person_degree.id LEFT JOIN person_title person_title ON person.title_id=person_title.id LEFT JOIN person_type person_type ON person.type_id=person_type.id LEFT JOIN person_honor person_honor ON person.id=person_honor.person_id LEFT JOIN academic_honor academic_honor ON academic_honor.id=person_honor.honor_id  [ RunTime:0.0114s ]

[ 2016-07-21T17:53:26+08:00 ] ::1 /People/queryAPI
INFO: [ app_begin ] --START--
INFO: Run Behavior\ReadHtmlCacheBehavior [ RunTime:0.000531s ]
INFO: [ app_begin ] --END-- [ RunTime:0.001028s ]
SQL: SHOW COLUMNS FROM `person` [ RunTime:0.0040s ]
SQL: SHOW COLUMNS FROM `college` [ RunTime:0.0034s ]
SQL: SHOW COLUMNS FROM `person_mentor_type` [ RunTime:0.0034s ]
SQL: SHOW COLUMNS FROM `person_degree` [ RunTime:0.0033s ]
SQL: SHOW COLUMNS FROM `person_title` [ RunTime:0.0033s ]
SQL: SHOW COLUMNS FROM `person_type` [ RunTime:0.0031s ]
SQL: SHOW COLUMNS FROM `person_honor` [ RunTime:0.0032s ]
SQL: SHOW COLUMNS FROM `academic_honor` [ RunTime:0.0033s ]
SQL: SELECT person.birthday AS birthday FROM person person LEFT JOIN college college ON person.college_id=college.id LEFT JOIN person_mentor_type person_mentor_type ON person.mentor_type_id=person_mentor_type.id LEFT JOIN person_degree person_degree ON person.degree_id=person_degree.id LEFT JOIN person_title person_title ON person.title_id=person_title.id LEFT JOIN person_type person_type ON person.type_id=person_type.id LEFT JOIN person_honor person_honor ON person.id=person_honor.person_id LEFT JOIN academic_honor academic_honor ON academic_honor.id=person_honor.honor_id  [ RunTime:0.0110s ]

[ 2016-07-21T17:54:07+08:00 ] ::1 /People/queryAPI
INFO: [ app_begin ] --START--
INFO: Run Behavior\ReadHtmlCacheBehavior [ RunTime:0.000543s ]
INFO: [ app_begin ] --END-- [ RunTime:0.001198s ]
SQL: SHOW COLUMNS FROM `person` [ RunTime:0.0037s ]
SQL: SHOW COLUMNS FROM `college` [ RunTime:0.0034s ]
SQL: SHOW COLUMNS FROM `person_mentor_type` [ RunTime:0.0033s ]
SQL: SHOW COLUMNS FROM `person_degree` [ RunTime:0.0031s ]
SQL: SHOW COLUMNS FROM `person_title` [ RunTime:0.0030s ]
SQL: SHOW COLUMNS FROM `person_type` [ RunTime:0.0030s ]
SQL: SHOW COLUMNS FROM `person_honor` [ RunTime:0.0032s ]
SQL: SHOW COLUMNS FROM `academic_honor` [ RunTime:0.0034s ]
SQL: SELECT count(*) as count,person_mentor_type.name AS men_name FROM person person LEFT JOIN college college ON person.college_id=college.id LEFT JOIN person_mentor_type person_mentor_type ON person.mentor_type_id=person_mentor_type.id LEFT JOIN person_degree person_degree ON person.degree_id=person_degree.id LEFT JOIN person_title person_title ON person.title_id=person_title.id LEFT JOIN person_type person_type ON person.type_id=person_type.id LEFT JOIN person_honor person_honor ON person.id=person_honor.person_id LEFT JOIN academic_honor academic_honor ON academic_honor.id=person_honor.honor_id GROUP BY person_mentor_type.id  [ RunTime:0.0102s ]

[ 2016-07-21T17:54:30+08:00 ] ::1 /People/queryAPI
INFO: [ app_begin ] --START--
INFO: Run Behavior\ReadHtmlCacheBehavior [ RunTime:0.000528s ]
INFO: [ app_begin ] --END-- [ RunTime:0.001008s ]
SQL: SHOW COLUMNS FROM `person` [ RunTime:0.0043s ]
SQL: SHOW COLUMNS FROM `college` [ RunTime:0.0033s ]
SQL: SHOW COLUMNS FROM `person_mentor_type` [ RunTime:0.0040s ]
SQL: SHOW COLUMNS FROM `person_degree` [ RunTime:0.0042s ]
SQL: SHOW COLUMNS FROM `person_title` [ RunTime:0.0039s ]
SQL: SHOW COLUMNS FROM `person_type` [ RunTime:0.0034s ]
SQL: SHOW COLUMNS FROM `person_honor` [ RunTime:0.0036s ]
SQL: SHOW COLUMNS FROM `academic_honor` [ RunTime:0.0035s ]
SQL: SELECT count(*) as count,person_degree.name AS deg_name FROM person person LEFT JOIN college college ON person.college_id=college.id LEFT JOIN person_mentor_type person_mentor_type ON person.mentor_type_id=person_mentor_type.id LEFT JOIN person_degree person_degree ON person.degree_id=person_degree.id LEFT JOIN person_title person_title ON person.title_id=person_title.id LEFT JOIN person_type person_type ON person.type_id=person_type.id LEFT JOIN person_honor person_honor ON person.id=person_honor.person_id LEFT JOIN academic_honor academic_honor ON academic_honor.id=person_honor.honor_id GROUP BY person_degree.id  [ RunTime:0.0127s ]

[ 2016-07-21T17:56:38+08:00 ] ::1 /People/queryAPI
INFO: [ app_begin ] --START--
INFO: Run Behavior\ReadHtmlCacheBehavior [ RunTime:0.000902s ]
INFO: [ app_begin ] --END-- [ RunTime:0.001636s ]
SQL: SHOW COLUMNS FROM `person` [ RunTime:0.0063s ]
SQL: SHOW COLUMNS FROM `college` [ RunTime:0.0047s ]
SQL: SHOW COLUMNS FROM `person_mentor_type` [ RunTime:0.0045s ]
SQL: SHOW COLUMNS FROM `person_degree` [ RunTime:0.0057s ]
SQL: SHOW COLUMNS FROM `person_title` [ RunTime:0.0039s ]
SQL: SHOW COLUMNS FROM `person_type` [ RunTime:0.0054s ]
SQL: SHOW COLUMNS FROM `person_honor` [ RunTime:0.0051s ]
SQL: SHOW COLUMNS FROM `academic_honor` [ RunTime:0.0046s ]
SQL: SELECT person.birthday AS birthday FROM person person LEFT JOIN college college ON person.college_id=college.id LEFT JOIN person_mentor_type person_mentor_type ON person.mentor_type_id=person_mentor_type.id LEFT JOIN person_degree person_degree ON person.degree_id=person_degree.id LEFT JOIN person_title person_title ON person.title_id=person_title.id LEFT JOIN person_type person_type ON person.type_id=person_type.id LEFT JOIN person_honor person_honor ON person.id=person_honor.person_id LEFT JOIN academic_honor academic_honor ON academic_honor.id=person_honor.honor_id  [ RunTime:0.0147s ]

[ 2016-07-21T17:56:43+08:00 ] ::1 /People/queryAPI
INFO: [ app_begin ] --START--
INFO: Run Behavior\ReadHtmlCacheBehavior [ RunTime:0.000547s ]
INFO: [ app_begin ] --END-- [ RunTime:0.001044s ]
SQL: SHOW COLUMNS FROM `person` [ RunTime:0.0042s ]
SQL: SHOW COLUMNS FROM `college` [ RunTime:0.0035s ]
SQL: SHOW COLUMNS FROM `person_mentor_type` [ RunTime:0.0035s ]
SQL: SHOW COLUMNS FROM `person_degree` [ RunTime:0.0033s ]
SQL: SHOW COLUMNS FROM `person_title` [ RunTime:0.0035s ]
SQL: SHOW COLUMNS FROM `person_type` [ RunTime:0.0037s ]
SQL: SHOW COLUMNS FROM `person_honor` [ RunTime:0.0033s ]
SQL: SHOW COLUMNS FROM `academic_honor` [ RunTime:0.0035s ]
SQL: SELECT count(*) as count,person_title.name AS gra_name FROM person person LEFT JOIN college college ON person.college_id=college.id LEFT JOIN person_mentor_type person_mentor_type ON person.mentor_type_id=person_mentor_type.id LEFT JOIN person_degree person_degree ON person.degree_id=person_degree.id LEFT JOIN person_title person_title ON person.title_id=person_title.id LEFT JOIN person_type person_type ON person.type_id=person_type.id LEFT JOIN person_honor person_honor ON person.id=person_honor.person_id LEFT JOIN academic_honor academic_honor ON academic_honor.id=person_honor.honor_id GROUP BY person_title.id  [ RunTime:0.0121s ]

[ 2016-07-21T17:57:53+08:00 ] ::1 /People/queryAPI
INFO: [ app_begin ] --START--
INFO: Run Behavior\ReadHtmlCacheBehavior [ RunTime:0.000533s ]
INFO: [ app_begin ] --END-- [ RunTime:0.001026s ]
SQL: SHOW COLUMNS FROM `person` [ RunTime:0.0041s ]
SQL: SHOW COLUMNS FROM `college` [ RunTime:0.0039s ]
SQL: SHOW COLUMNS FROM `person_mentor_type` [ RunTime:0.0037s ]
SQL: SHOW COLUMNS FROM `person_degree` [ RunTime:0.0033s ]
SQL: SHOW COLUMNS FROM `person_title` [ RunTime:0.0035s ]
SQL: SHOW COLUMNS FROM `person_type` [ RunTime:0.0030s ]
SQL: SHOW COLUMNS FROM `person_honor` [ RunTime:0.0034s ]
SQL: SHOW COLUMNS FROM `academic_honor` [ RunTime:0.0036s ]
SQL: SELECT count(*) as count,person_type.name AS per_name FROM person person LEFT JOIN college college ON person.college_id=college.id LEFT JOIN person_mentor_type person_mentor_type ON person.mentor_type_id=person_mentor_type.id LEFT JOIN person_degree person_degree ON person.degree_id=person_degree.id LEFT JOIN person_title person_title ON person.title_id=person_title.id LEFT JOIN person_type person_type ON person.type_id=person_type.id LEFT JOIN person_honor person_honor ON person.id=person_honor.person_id LEFT JOIN academic_honor academic_honor ON academic_honor.id=person_honor.honor_id GROUP BY person_type.id  [ RunTime:0.0111s ]

[ 2016-07-21T18:46:04+08:00 ] ::1 /People/queryAPI
INFO: [ app_begin ] --START--
INFO: Run Behavior\ReadHtmlCacheBehavior [ RunTime:0.000589s ]
INFO: [ app_begin ] --END-- [ RunTime:0.001130s ]
SQL: SHOW COLUMNS FROM `person` [ RunTime:0.0047s ]
SQL: SHOW COLUMNS FROM `college` [ RunTime:0.0055s ]
SQL: SHOW COLUMNS FROM `person_mentor_type` [ RunTime:0.0044s ]
SQL: SHOW COLUMNS FROM `person_degree` [ RunTime:0.0035s ]
SQL: SHOW COLUMNS FROM `person_title` [ RunTime:0.0052s ]
SQL: SHOW COLUMNS FROM `person_type` [ RunTime:0.0041s ]
SQL: SHOW COLUMNS FROM `person_honor` [ RunTime:0.0044s ]
SQL: SHOW COLUMNS FROM `academic_honor` [ RunTime:0.0052s ]
SQL: SELECT person.birthday AS birthday FROM person person LEFT JOIN college college ON person.college_id=college.id LEFT JOIN person_mentor_type person_mentor_type ON person.mentor_type_id=person_mentor_type.id LEFT JOIN person_degree person_degree ON person.degree_id=person_degree.id LEFT JOIN person_title person_title ON person.title_id=person_title.id LEFT JOIN person_type person_type ON person.type_id=person_type.id LEFT JOIN person_honor person_honor ON person.id=person_honor.person_id LEFT JOIN academic_honor academic_honor ON academic_honor.id=person_honor.honor_id  [ RunTime:0.0139s ]

[ 2016-07-21T18:47:19+08:00 ] ::1 /People/queryAPI
INFO: [ app_begin ] --START--
INFO: Run Behavior\ReadHtmlCacheBehavior [ RunTime:0.000548s ]
INFO: [ app_begin ] --END-- [ RunTime:0.001082s ]
SQL: SHOW COLUMNS FROM `person` [ RunTime:0.0050s ]
SQL: SHOW COLUMNS FROM `college` [ RunTime:0.0033s ]
SQL: SHOW COLUMNS FROM `person_mentor_type` [ RunTime:0.0032s ]
SQL: SHOW COLUMNS FROM `person_degree` [ RunTime:0.0032s ]
SQL: SHOW COLUMNS FROM `person_title` [ RunTime:0.0035s ]
SQL: SHOW COLUMNS FROM `person_type` [ RunTime:0.0034s ]
SQL: SHOW COLUMNS FROM `person_honor` [ RunTime:0.0031s ]
SQL: SHOW COLUMNS FROM `academic_honor` [ RunTime:0.0033s ]
SQL: SELECT person.birthday AS birthday FROM person person LEFT JOIN college college ON person.college_id=college.id LEFT JOIN person_mentor_type person_mentor_type ON person.mentor_type_id=person_mentor_type.id LEFT JOIN person_degree person_degree ON person.degree_id=person_degree.id LEFT JOIN person_title person_title ON person.title_id=person_title.id LEFT JOIN person_type person_type ON person.type_id=person_type.id LEFT JOIN person_honor person_honor ON person.id=person_honor.person_id LEFT JOIN academic_honor academic_honor ON academic_honor.id=person_honor.honor_id  [ RunTime:0.0108s ]

[ 2016-07-21T18:47:21+08:00 ] ::1 /People/queryAPI
INFO: [ app_begin ] --START--
INFO: Run Behavior\ReadHtmlCacheBehavior [ RunTime:0.000811s ]
INFO: [ app_begin ] --END-- [ RunTime:0.001476s ]
SQL: SHOW COLUMNS FROM `person` [ RunTime:0.0051s ]
SQL: SHOW COLUMNS FROM `college` [ RunTime:0.0034s ]
SQL: SHOW COLUMNS FROM `person_mentor_type` [ RunTime:0.0038s ]
SQL: SHOW COLUMNS FROM `person_degree` [ RunTime:0.0058s ]
SQL: SHOW COLUMNS FROM `person_title` [ RunTime:0.0039s ]
SQL: SHOW COLUMNS FROM `person_type` [ RunTime:0.0041s ]
SQL: SHOW COLUMNS FROM `person_honor` [ RunTime:0.0050s ]
SQL: SHOW COLUMNS FROM `academic_honor` [ RunTime:0.0044s ]
SQL: SELECT count(*) as count,college.name AS col_name FROM person person LEFT JOIN college college ON person.college_id=college.id LEFT JOIN person_mentor_type person_mentor_type ON person.mentor_type_id=person_mentor_type.id LEFT JOIN person_degree person_degree ON person.degree_id=person_degree.id LEFT JOIN person_title person_title ON person.title_id=person_title.id LEFT JOIN person_type person_type ON person.type_id=person_type.id LEFT JOIN person_honor person_honor ON person.id=person_honor.person_id LEFT JOIN academic_honor academic_honor ON academic_honor.id=person_honor.honor_id GROUP BY college.id  [ RunTime:0.0132s ]

[ 2016-07-21T18:47:23+08:00 ] ::1 /People/queryAPI
INFO: [ app_begin ] --START--
INFO: Run Behavior\ReadHtmlCacheBehavior [ RunTime:0.000981s ]
INFO: [ app_begin ] --END-- [ RunTime:0.001885s ]
SQL: SHOW COLUMNS FROM `person` [ RunTime:0.0054s ]
SQL: SHOW COLUMNS FROM `college` [ RunTime:0.0055s ]
SQL: SHOW COLUMNS FROM `person_mentor_type` [ RunTime:0.0046s ]
SQL: SHOW COLUMNS FROM `person_degree` [ RunTime:0.0047s ]
SQL: SHOW COLUMNS FROM `person_title` [ RunTime:0.0046s ]
SQL: SHOW COLUMNS FROM `person_type` [ RunTime:0.0050s ]
SQL: SHOW COLUMNS FROM `person_honor` [ RunTime:0.0046s ]
SQL: SHOW COLUMNS FROM `academic_honor` [ RunTime:0.0054s ]
SQL: SELECT count(*) as count,person_mentor_type.name AS men_name FROM person person LEFT JOIN college college ON person.college_id=college.id LEFT JOIN person_mentor_type person_mentor_type ON person.mentor_type_id=person_mentor_type.id LEFT JOIN person_degree person_degree ON person.degree_id=person_degree.id LEFT JOIN person_title person_title ON person.title_id=person_title.id LEFT JOIN person_type person_type ON person.type_id=person_type.id LEFT JOIN person_honor person_honor ON person.id=person_honor.person_id LEFT JOIN academic_honor academic_honor ON academic_honor.id=person_honor.honor_id GROUP BY person_mentor_type.id  [ RunTime:0.0149s ]

[ 2016-07-21T18:47:25+08:00 ] ::1 /People/queryAPI
INFO: [ app_begin ] --START--
INFO: Run Behavior\ReadHtmlCacheBehavior [ RunTime:0.000626s ]
INFO: [ app_begin ] --END-- [ RunTime:0.001206s ]
SQL: SHOW COLUMNS FROM `person` [ RunTime:0.0040s ]
SQL: SHOW COLUMNS FROM `college` [ RunTime:0.0033s ]
SQL: SHOW COLUMNS FROM `person_mentor_type` [ RunTime:0.0034s ]
SQL: SHOW COLUMNS FROM `person_degree` [ RunTime:0.0033s ]
SQL: SHOW COLUMNS FROM `person_title` [ RunTime:0.0033s ]
SQL: SHOW COLUMNS FROM `person_type` [ RunTime:0.0032s ]
SQL: SHOW COLUMNS FROM `person_honor` [ RunTime:0.0035s ]
SQL: SHOW COLUMNS FROM `academic_honor` [ RunTime:0.0033s ]
SQL: SELECT count(*) as count,person_degree.name AS deg_name FROM person person LEFT JOIN college college ON person.college_id=college.id LEFT JOIN person_mentor_type person_mentor_type ON person.mentor_type_id=person_mentor_type.id LEFT JOIN person_degree person_degree ON person.degree_id=person_degree.id LEFT JOIN person_title person_title ON person.title_id=person_title.id LEFT JOIN person_type person_type ON person.type_id=person_type.id LEFT JOIN person_honor person_honor ON person.id=person_honor.person_id LEFT JOIN academic_honor academic_honor ON academic_honor.id=person_honor.honor_id GROUP BY person_degree.id  [ RunTime:0.0104s ]

[ 2016-07-21T18:47:27+08:00 ] ::1 /People/queryAPI
INFO: [ app_begin ] --START--
INFO: Run Behavior\ReadHtmlCacheBehavior [ RunTime:0.000538s ]
INFO: [ app_begin ] --END-- [ RunTime:0.001048s ]
SQL: SHOW COLUMNS FROM `person` [ RunTime:0.0041s ]
SQL: SHOW COLUMNS FROM `college` [ RunTime:0.0054s ]
SQL: SHOW COLUMNS FROM `person_mentor_type` [ RunTime:0.0038s ]
SQL: SHOW COLUMNS FROM `person_degree` [ RunTime:0.0031s ]
SQL: SHOW COLUMNS FROM `person_title` [ RunTime:0.0053s ]
SQL: SHOW COLUMNS FROM `person_type` [ RunTime:0.0040s ]
SQL: SHOW COLUMNS FROM `person_honor` [ RunTime:0.0037s ]
SQL: SHOW COLUMNS FROM `academic_honor` [ RunTime:0.0046s ]
SQL: SELECT count(*) as count,person_title.name AS gra_name FROM person person LEFT JOIN college college ON person.college_id=college.id LEFT JOIN person_mentor_type person_mentor_type ON person.mentor_type_id=person_mentor_type.id LEFT JOIN person_degree person_degree ON person.degree_id=person_degree.id LEFT JOIN person_title person_title ON person.title_id=person_title.id LEFT JOIN person_type person_type ON person.type_id=person_type.id LEFT JOIN person_honor person_honor ON person.id=person_honor.person_id LEFT JOIN academic_honor academic_honor ON academic_honor.id=person_honor.honor_id GROUP BY person_title.id  [ RunTime:0.0137s ]

[ 2016-07-21T18:47:28+08:00 ] ::1 /People/queryAPI
INFO: [ app_begin ] --START--
INFO: Run Behavior\ReadHtmlCacheBehavior [ RunTime:0.000979s ]
INFO: [ app_begin ] --END-- [ RunTime:0.001751s ]
SQL: SHOW COLUMNS FROM `person` [ RunTime:0.0048s ]
SQL: SHOW COLUMNS FROM `college` [ RunTime:0.0046s ]
SQL: SHOW COLUMNS FROM `person_mentor_type` [ RunTime:0.0049s ]
SQL: SHOW COLUMNS FROM `person_degree` [ RunTime:0.0044s ]
SQL: SHOW COLUMNS FROM `person_title` [ RunTime:0.0054s ]
SQL: SHOW COLUMNS FROM `person_type` [ RunTime:0.0048s ]
SQL: SHOW COLUMNS FROM `person_honor` [ RunTime:0.0045s ]
SQL: SHOW COLUMNS FROM `academic_honor` [ RunTime:0.0055s ]
SQL: SELECT count(*) as count,person_type.name AS per_name FROM person person LEFT JOIN college college ON person.college_id=college.id LEFT JOIN person_mentor_type person_mentor_type ON person.mentor_type_id=person_mentor_type.id LEFT JOIN person_degree person_degree ON person.degree_id=person_degree.id LEFT JOIN person_title person_title ON person.title_id=person_title.id LEFT JOIN person_type person_type ON person.type_id=person_type.id LEFT JOIN person_honor person_honor ON person.id=person_honor.person_id LEFT JOIN academic_honor academic_honor ON academic_honor.id=person_honor.honor_id GROUP BY person_type.id  [ RunTime:0.0153s ]

[ 2016-07-21T18:47:30+08:00 ] ::1 /People/queryAPI
INFO: [ app_begin ] --START--
INFO: Run Behavior\ReadHtmlCacheBehavior [ RunTime:0.000566s ]
INFO: [ app_begin ] --END-- [ RunTime:0.001242s ]
SQL: SHOW COLUMNS FROM `person` [ RunTime:0.0040s ]
SQL: SHOW COLUMNS FROM `college` [ RunTime:0.0040s ]
SQL: SHOW COLUMNS FROM `person_mentor_type` [ RunTime:0.0055s ]
SQL: SHOW COLUMNS FROM `person_degree` [ RunTime:0.0040s ]
SQL: SHOW COLUMNS FROM `person_title` [ RunTime:0.0034s ]
SQL: SHOW COLUMNS FROM `person_type` [ RunTime:0.0044s ]
SQL: SHOW COLUMNS FROM `person_honor` [ RunTime:0.0046s ]
SQL: SHOW COLUMNS FROM `academic_honor` [ RunTime:0.0035s ]
SQL: SELECT count(*) as count,academic_honor.name AS aca_name FROM person person LEFT JOIN college college ON person.college_id=college.id LEFT JOIN person_mentor_type person_mentor_type ON person.mentor_type_id=person_mentor_type.id LEFT JOIN person_degree person_degree ON person.degree_id=person_degree.id LEFT JOIN person_title person_title ON person.title_id=person_title.id LEFT JOIN person_type person_type ON person.type_id=person_type.id LEFT JOIN person_honor person_honor ON person.id=person_honor.person_id LEFT JOIN academic_honor academic_honor ON academic_honor.id=person_honor.honor_id GROUP BY academic_honor.id  [ RunTime:0.0123s ]

[ 2016-07-21T18:53:04+08:00 ] ::1 /People/queryAPI
INFO: [ app_begin ] --START--
INFO: Run Behavior\ReadHtmlCacheBehavior [ RunTime:0.000706s ]
INFO: [ app_begin ] --END-- [ RunTime:0.001242s ]
SQL: SHOW COLUMNS FROM `person` [ RunTime:0.0040s ]
SQL: SHOW COLUMNS FROM `college` [ RunTime:0.0040s ]
SQL: SHOW COLUMNS FROM `person_mentor_type` [ RunTime:0.0039s ]
SQL: SHOW COLUMNS FROM `person_degree` [ RunTime:0.0032s ]
SQL: SHOW COLUMNS FROM `person_title` [ RunTime:0.0031s ]
SQL: SHOW COLUMNS FROM `person_type` [ RunTime:0.0035s ]
SQL: SHOW COLUMNS FROM `person_honor` [ RunTime:0.0034s ]
SQL: SHOW COLUMNS FROM `academic_honor` [ RunTime:0.0032s ]
SQL: SELECT count(*) as count,person_type.name AS per_name FROM person person LEFT JOIN college college ON person.college_id=college.id LEFT JOIN person_mentor_type person_mentor_type ON person.mentor_type_id=person_mentor_type.id LEFT JOIN person_degree person_degree ON person.degree_id=person_degree.id LEFT JOIN person_title person_title ON person.title_id=person_title.id LEFT JOIN person_type person_type ON person.type_id=person_type.id LEFT JOIN person_honor person_honor ON person.id=person_honor.person_id LEFT JOIN academic_honor academic_honor ON academic_honor.id=person_honor.honor_id GROUP BY person_type.id  [ RunTime:0.0112s ]

[ 2016-07-21T18:53:07+08:00 ] ::1 /People/queryAPI
INFO: [ app_begin ] --START--
INFO: Run Behavior\ReadHtmlCacheBehavior [ RunTime:0.000548s ]
INFO: [ app_begin ] --END-- [ RunTime:0.001029s ]
SQL: SHOW COLUMNS FROM `person` [ RunTime:0.0050s ]
SQL: SHOW COLUMNS FROM `college` [ RunTime:0.0032s ]
SQL: SHOW COLUMNS FROM `person_mentor_type` [ RunTime:0.0035s ]
SQL: SHOW COLUMNS FROM `person_degree` [ RunTime:0.0036s ]
SQL: SHOW COLUMNS FROM `person_title` [ RunTime:0.0033s ]
SQL: SHOW COLUMNS FROM `person_type` [ RunTime:0.0031s ]
SQL: SHOW COLUMNS FROM `person_honor` [ RunTime:0.0032s ]
SQL: SHOW COLUMNS FROM `academic_honor` [ RunTime:0.0033s ]
SQL: SELECT count(*) as count,academic_honor.name AS aca_name FROM person person LEFT JOIN college college ON person.college_id=college.id LEFT JOIN person_mentor_type person_mentor_type ON person.mentor_type_id=person_mentor_type.id LEFT JOIN person_degree person_degree ON person.degree_id=person_degree.id LEFT JOIN person_title person_title ON person.title_id=person_title.id LEFT JOIN person_type person_type ON person.type_id=person_type.id LEFT JOIN person_honor person_honor ON person.id=person_honor.person_id LEFT JOIN academic_honor academic_honor ON academic_honor.id=person_honor.honor_id GROUP BY academic_honor.id  [ RunTime:0.0092s ]

[ 2016-07-21T18:53:11+08:00 ] ::1 /People/queryAPI
INFO: [ app_begin ] --START--
INFO: Run Behavior\ReadHtmlCacheBehavior [ RunTime:0.000590s ]
INFO: [ app_begin ] --END-- [ RunTime:0.001139s ]
SQL: SHOW COLUMNS FROM `person` [ RunTime:0.0047s ]
SQL: SHOW COLUMNS FROM `college` [ RunTime:0.0033s ]
SQL: SHOW COLUMNS FROM `person_mentor_type` [ RunTime:0.0036s ]
SQL: SHOW COLUMNS FROM `person_degree` [ RunTime:0.0032s ]
SQL: SHOW COLUMNS FROM `person_title` [ RunTime:0.0032s ]
SQL: SHOW COLUMNS FROM `person_type` [ RunTime:0.0035s ]
SQL: SHOW COLUMNS FROM `person_honor` [ RunTime:0.0033s ]
SQL: SHOW COLUMNS FROM `academic_honor` [ RunTime:0.0033s ]
SQL: SELECT count(*) as count,academic_honor.name AS aca_name FROM person person LEFT JOIN college college ON person.college_id=college.id LEFT JOIN person_mentor_type person_mentor_type ON person.mentor_type_id=person_mentor_type.id LEFT JOIN person_degree person_degree ON person.degree_id=person_degree.id LEFT JOIN person_title person_title ON person.title_id=person_title.id LEFT JOIN person_type person_type ON person.type_id=person_type.id LEFT JOIN person_honor person_honor ON person.id=person_honor.person_id LEFT JOIN academic_honor academic_honor ON academic_honor.id=person_honor.honor_id GROUP BY academic_honor.id  [ RunTime:0.0101s ]

[ 2016-07-21T18:53:23+08:00 ] ::1 /People/queryAPI
INFO: [ app_begin ] --START--
INFO: Run Behavior\ReadHtmlCacheBehavior [ RunTime:0.000866s ]
INFO: [ app_begin ] --END-- [ RunTime:0.001693s ]
SQL: SHOW COLUMNS FROM `person` [ RunTime:0.0040s ]
SQL: SHOW COLUMNS FROM `college` [ RunTime:0.0037s ]
SQL: SHOW COLUMNS FROM `person_mentor_type` [ RunTime:0.0035s ]
SQL: SHOW COLUMNS FROM `person_degree` [ RunTime:0.0035s ]
SQL: SHOW COLUMNS FROM `person_title` [ RunTime:0.0033s ]
SQL: SHOW COLUMNS FROM `person_type` [ RunTime:0.0036s ]
SQL: SHOW COLUMNS FROM `person_honor` [ RunTime:0.0034s ]
SQL: SHOW COLUMNS FROM `academic_honor` [ RunTime:0.0037s ]
SQL: SELECT count(*) as count,person_type.name AS per_name FROM person person LEFT JOIN college college ON person.college_id=college.id LEFT JOIN person_mentor_type person_mentor_type ON person.mentor_type_id=person_mentor_type.id LEFT JOIN person_degree person_degree ON person.degree_id=person_degree.id LEFT JOIN person_title person_title ON person.title_id=person_title.id LEFT JOIN person_type person_type ON person.type_id=person_type.id LEFT JOIN person_honor person_honor ON person.id=person_honor.person_id LEFT JOIN academic_honor academic_honor ON academic_honor.id=person_honor.honor_id GROUP BY person_type.id  [ RunTime:0.0108s ]

[ 2016-07-21T18:53:56+08:00 ] ::1 /People/queryAPI
INFO: [ app_begin ] --START--
INFO: Run Behavior\ReadHtmlCacheBehavior [ RunTime:0.000698s ]
INFO: [ app_begin ] --END-- [ RunTime:0.001297s ]
SQL: SHOW COLUMNS FROM `person` [ RunTime:0.0042s ]
SQL: SHOW COLUMNS FROM `college` [ RunTime:0.0039s ]
SQL: SHOW COLUMNS FROM `person_mentor_type` [ RunTime:0.0038s ]
SQL: SHOW COLUMNS FROM `person_degree` [ RunTime:0.0036s ]
SQL: SHOW COLUMNS FROM `person_title` [ RunTime:0.0037s ]
SQL: SHOW COLUMNS FROM `person_type` [ RunTime:0.0032s ]
SQL: SHOW COLUMNS FROM `person_honor` [ RunTime:0.0034s ]
SQL: SHOW COLUMNS FROM `academic_honor` [ RunTime:0.0032s ]
SQL: SELECT count(*) as count,academic_honor.name AS aca_name FROM person person LEFT JOIN college college ON person.college_id=college.id LEFT JOIN person_mentor_type person_mentor_type ON person.mentor_type_id=person_mentor_type.id LEFT JOIN person_degree person_degree ON person.degree_id=person_degree.id LEFT JOIN person_title person_title ON person.title_id=person_title.id LEFT JOIN person_type person_type ON person.type_id=person_type.id LEFT JOIN person_honor person_honor ON person.id=person_honor.person_id LEFT JOIN academic_honor academic_honor ON academic_honor.id=person_honor.honor_id GROUP BY academic_honor.id  [ RunTime:0.0096s ]

[ 2016-07-21T18:56:50+08:00 ] ::1 /People/queryAPI
INFO: [ app_begin ] --START--
INFO: Run Behavior\ReadHtmlCacheBehavior [ RunTime:0.000696s ]
INFO: [ app_begin ] --END-- [ RunTime:0.001253s ]
SQL: SHOW COLUMNS FROM `person` [ RunTime:0.0041s ]
SQL: SHOW COLUMNS FROM `college` [ RunTime:0.0033s ]
SQL: SHOW COLUMNS FROM `person_mentor_type` [ RunTime:0.0039s ]
SQL: SHOW COLUMNS FROM `person_degree` [ RunTime:0.0040s ]
SQL: SHOW COLUMNS FROM `person_title` [ RunTime:0.0037s ]
SQL: SHOW COLUMNS FROM `person_type` [ RunTime:0.0036s ]
SQL: SHOW COLUMNS FROM `person_honor` [ RunTime:0.0040s ]
SQL: SHOW COLUMNS FROM `academic_honor` [ RunTime:0.0053s ]
SQL: SELECT count(*) as count,person_type.name AS per_name FROM person person LEFT JOIN college college ON person.college_id=college.id LEFT JOIN person_mentor_type person_mentor_type ON person.mentor_type_id=person_mentor_type.id LEFT JOIN person_degree person_degree ON person.degree_id=person_degree.id LEFT JOIN person_title person_title ON person.title_id=person_title.id LEFT JOIN person_type person_type ON person.type_id=person_type.id LEFT JOIN person_honor person_honor ON person.id=person_honor.person_id LEFT JOIN academic_honor academic_honor ON academic_honor.id=person_honor.honor_id GROUP BY person_type.id  [ RunTime:0.0138s ]

[ 2016-07-21T18:59:31+08:00 ] ::1 /People/queryAPI
INFO: [ app_begin ] --START--
INFO: Run Behavior\ReadHtmlCacheBehavior [ RunTime:0.000740s ]
INFO: [ app_begin ] --END-- [ RunTime:0.001599s ]
SQL: SHOW COLUMNS FROM `person` [ RunTime:0.0045s ]
SQL: SHOW COLUMNS FROM `college` [ RunTime:0.0036s ]
SQL: SHOW COLUMNS FROM `person_mentor_type` [ RunTime:0.0033s ]
SQL: SHOW COLUMNS FROM `person_degree` [ RunTime:0.0032s ]
SQL: SHOW COLUMNS FROM `person_title` [ RunTime:0.0031s ]
SQL: SHOW COLUMNS FROM `person_type` [ RunTime:0.0032s ]
SQL: SHOW COLUMNS FROM `person_honor` [ RunTime:0.0048s ]
SQL: SHOW COLUMNS FROM `academic_honor` [ RunTime:0.0037s ]
SQL: SELECT person.birthday AS birthday FROM person person LEFT JOIN college college ON person.college_id=college.id LEFT JOIN person_mentor_type person_mentor_type ON person.mentor_type_id=person_mentor_type.id LEFT JOIN person_degree person_degree ON person.degree_id=person_degree.id LEFT JOIN person_title person_title ON person.title_id=person_title.id LEFT JOIN person_type person_type ON person.type_id=person_type.id LEFT JOIN person_honor person_honor ON person.id=person_honor.person_id LEFT JOIN academic_honor academic_honor ON academic_honor.id=person_honor.honor_id  [ RunTime:0.0117s ]

[ 2016-07-21T18:59:33+08:00 ] ::1 /People/queryAPI
INFO: [ app_begin ] --START--
INFO: Run Behavior\ReadHtmlCacheBehavior [ RunTime:0.000623s ]
INFO: [ app_begin ] --END-- [ RunTime:0.001200s ]
SQL: SHOW COLUMNS FROM `person` [ RunTime:0.0049s ]
SQL: SHOW COLUMNS FROM `college` [ RunTime:0.0037s ]
SQL: SHOW COLUMNS FROM `person_mentor_type` [ RunTime:0.0039s ]
SQL: SHOW COLUMNS FROM `person_degree` [ RunTime:0.0051s ]
SQL: SHOW COLUMNS FROM `person_title` [ RunTime:0.0035s ]
SQL: SHOW COLUMNS FROM `person_type` [ RunTime:0.0032s ]
SQL: SHOW COLUMNS FROM `person_honor` [ RunTime:0.0047s ]
SQL: SHOW COLUMNS FROM `academic_honor` [ RunTime:0.0041s ]
SQL: SELECT count(*) as count,college.name AS col_name FROM person person LEFT JOIN college college ON person.college_id=college.id LEFT JOIN person_mentor_type person_mentor_type ON person.mentor_type_id=person_mentor_type.id LEFT JOIN person_degree person_degree ON person.degree_id=person_degree.id LEFT JOIN person_title person_title ON person.title_id=person_title.id LEFT JOIN person_type person_type ON person.type_id=person_type.id LEFT JOIN person_honor person_honor ON person.id=person_honor.person_id LEFT JOIN academic_honor academic_honor ON academic_honor.id=person_honor.honor_id GROUP BY college.id  [ RunTime:0.0108s ]

[ 2016-07-21T18:59:34+08:00 ] ::1 /People/queryAPI
INFO: [ app_begin ] --START--
INFO: Run Behavior\ReadHtmlCacheBehavior [ RunTime:0.000719s ]
INFO: [ app_begin ] --END-- [ RunTime:0.001449s ]
SQL: SHOW COLUMNS FROM `person` [ RunTime:0.0057s ]
SQL: SHOW COLUMNS FROM `college` [ RunTime:0.0042s ]
SQL: SHOW COLUMNS FROM `person_mentor_type` [ RunTime:0.0043s ]
SQL: SHOW COLUMNS FROM `person_degree` [ RunTime:0.0049s ]
SQL: SHOW COLUMNS FROM `person_title` [ RunTime:0.0044s ]
SQL: SHOW COLUMNS FROM `person_type` [ RunTime:0.0053s ]
SQL: SHOW COLUMNS FROM `person_honor` [ RunTime:0.0055s ]
SQL: SHOW COLUMNS FROM `academic_honor` [ RunTime:0.0047s ]
SQL: SELECT count(*) as count,person_mentor_type.name AS men_name FROM person person LEFT JOIN college college ON person.college_id=college.id LEFT JOIN person_mentor_type person_mentor_type ON person.mentor_type_id=person_mentor_type.id LEFT JOIN person_degree person_degree ON person.degree_id=person_degree.id LEFT JOIN person_title person_title ON person.title_id=person_title.id LEFT JOIN person_type person_type ON person.type_id=person_type.id LEFT JOIN person_honor person_honor ON person.id=person_honor.person_id LEFT JOIN academic_honor academic_honor ON academic_honor.id=person_honor.honor_id GROUP BY person_mentor_type.id  [ RunTime:0.0121s ]

[ 2016-07-21T18:59:51+08:00 ] ::1 /People/queryAPI
INFO: [ app_begin ] --START--
INFO: Run Behavior\ReadHtmlCacheBehavior [ RunTime:0.000999s ]
INFO: [ app_begin ] --END-- [ RunTime:0.001982s ]
SQL: SHOW COLUMNS FROM `person` [ RunTime:0.0057s ]
SQL: SHOW COLUMNS FROM `college` [ RunTime:0.0040s ]
SQL: SHOW COLUMNS FROM `person_mentor_type` [ RunTime:0.0033s ]
SQL: SHOW COLUMNS FROM `person_degree` [ RunTime:0.0044s ]
SQL: SHOW COLUMNS FROM `person_title` [ RunTime:0.0030s ]
SQL: SHOW COLUMNS FROM `person_type` [ RunTime:0.0029s ]
SQL: SHOW COLUMNS FROM `person_honor` [ RunTime:0.0032s ]
SQL: SHOW COLUMNS FROM `academic_honor` [ RunTime:0.0033s ]
SQL: SELECT count(*) as count,person_degree.name AS deg_name FROM person person LEFT JOIN college college ON person.college_id=college.id LEFT JOIN person_mentor_type person_mentor_type ON person.mentor_type_id=person_mentor_type.id LEFT JOIN person_degree person_degree ON person.degree_id=person_degree.id LEFT JOIN person_title person_title ON person.title_id=person_title.id LEFT JOIN person_type person_type ON person.type_id=person_type.id LEFT JOIN person_honor person_honor ON person.id=person_honor.person_id LEFT JOIN academic_honor academic_honor ON academic_honor.id=person_honor.honor_id GROUP BY person_degree.id  [ RunTime:0.0144s ]

[ 2016-07-21T19:00:00+08:00 ] ::1 /People/queryAPI
INFO: [ app_begin ] --START--
INFO: Run Behavior\ReadHtmlCacheBehavior [ RunTime:0.000556s ]
INFO: [ app_begin ] --END-- [ RunTime:0.001094s ]
SQL: SHOW COLUMNS FROM `person` [ RunTime:0.0039s ]
SQL: SHOW COLUMNS FROM `college` [ RunTime:0.0034s ]
SQL: SHOW COLUMNS FROM `person_mentor_type` [ RunTime:0.0045s ]
SQL: SHOW COLUMNS FROM `person_degree` [ RunTime:0.0034s ]
SQL: SHOW COLUMNS FROM `person_title` [ RunTime:0.0031s ]
SQL: SHOW COLUMNS FROM `person_type` [ RunTime:0.0029s ]
SQL: SHOW COLUMNS FROM `person_honor` [ RunTime:0.0035s ]
SQL: SHOW COLUMNS FROM `academic_honor` [ RunTime:0.0032s ]
SQL: SELECT count(*) as count,person_title.name AS gra_name FROM person person LEFT JOIN college college ON person.college_id=college.id LEFT JOIN person_mentor_type person_mentor_type ON person.mentor_type_id=person_mentor_type.id LEFT JOIN person_degree person_degree ON person.degree_id=person_degree.id LEFT JOIN person_title person_title ON person.title_id=person_title.id LEFT JOIN person_type person_type ON person.type_id=person_type.id LEFT JOIN person_honor person_honor ON person.id=person_honor.person_id LEFT JOIN academic_honor academic_honor ON academic_honor.id=person_honor.honor_id GROUP BY person_title.id  [ RunTime:0.0106s ]

[ 2016-07-21T19:00:32+08:00 ] ::1 /People/queryAPI
INFO: [ app_begin ] --START--
INFO: Run Behavior\ReadHtmlCacheBehavior [ RunTime:0.000557s ]
INFO: [ app_begin ] --END-- [ RunTime:0.001052s ]
SQL: SHOW COLUMNS FROM `person` [ RunTime:0.0041s ]
SQL: SHOW COLUMNS FROM `college` [ RunTime:0.0049s ]
SQL: SHOW COLUMNS FROM `person_mentor_type` [ RunTime:0.0034s ]
SQL: SHOW COLUMNS FROM `person_degree` [ RunTime:0.0038s ]
SQL: SHOW COLUMNS FROM `person_title` [ RunTime:0.0036s ]
SQL: SHOW COLUMNS FROM `person_type` [ RunTime:0.0032s ]
SQL: SHOW COLUMNS FROM `person_honor` [ RunTime:0.0032s ]
SQL: SHOW COLUMNS FROM `academic_honor` [ RunTime:0.0031s ]
SQL: SELECT count(*) as count,person_title.name AS gra_name FROM person person LEFT JOIN college college ON person.college_id=college.id LEFT JOIN person_mentor_type person_mentor_type ON person.mentor_type_id=person_mentor_type.id LEFT JOIN person_degree person_degree ON person.degree_id=person_degree.id LEFT JOIN person_title person_title ON person.title_id=person_title.id LEFT JOIN person_type person_type ON person.type_id=person_type.id LEFT JOIN person_honor person_honor ON person.id=person_honor.person_id LEFT JOIN academic_honor academic_honor ON academic_honor.id=person_honor.honor_id GROUP BY person_title.id  [ RunTime:0.0122s ]

[ 2016-07-21T19:00:34+08:00 ] ::1 /People/queryAPI
INFO: [ app_begin ] --START--
INFO: Run Behavior\ReadHtmlCacheBehavior [ RunTime:0.000607s ]
INFO: [ app_begin ] --END-- [ RunTime:0.001266s ]
SQL: SHOW COLUMNS FROM `person` [ RunTime:0.0057s ]
SQL: SHOW COLUMNS FROM `college` [ RunTime:0.0049s ]
SQL: SHOW COLUMNS FROM `person_mentor_type` [ RunTime:0.0042s ]
SQL: SHOW COLUMNS FROM `person_degree` [ RunTime:0.0051s ]
SQL: SHOW COLUMNS FROM `person_title` [ RunTime:0.0051s ]
SQL: SHOW COLUMNS FROM `person_type` [ RunTime:0.0050s ]
SQL: SHOW COLUMNS FROM `person_honor` [ RunTime:0.0050s ]
SQL: SHOW COLUMNS FROM `academic_honor` [ RunTime:0.0050s ]
SQL: SELECT count(*) as count,person_type.name AS per_name FROM person person LEFT JOIN college college ON person.college_id=college.id LEFT JOIN person_mentor_type person_mentor_type ON person.mentor_type_id=person_mentor_type.id LEFT JOIN person_degree person_degree ON person.degree_id=person_degree.id LEFT JOIN person_title person_title ON person.title_id=person_title.id LEFT JOIN person_type person_type ON person.type_id=person_type.id LEFT JOIN person_honor person_honor ON person.id=person_honor.person_id LEFT JOIN academic_honor academic_honor ON academic_honor.id=person_honor.honor_id GROUP BY person_type.id  [ RunTime:0.0187s ]

[ 2016-07-21T19:00:40+08:00 ] ::1 /People/queryAPI
INFO: [ app_begin ] --START--
INFO: Run Behavior\ReadHtmlCacheBehavior [ RunTime:0.000554s ]
INFO: [ app_begin ] --END-- [ RunTime:0.001046s ]
SQL: SHOW COLUMNS FROM `person` [ RunTime:0.0042s ]
SQL: SHOW COLUMNS FROM `college` [ RunTime:0.0034s ]
SQL: SHOW COLUMNS FROM `person_mentor_type` [ RunTime:0.0035s ]
SQL: SHOW COLUMNS FROM `person_degree` [ RunTime:0.0034s ]
SQL: SHOW COLUMNS FROM `person_title` [ RunTime:0.0037s ]
SQL: SHOW COLUMNS FROM `person_type` [ RunTime:0.0037s ]
SQL: SHOW COLUMNS FROM `person_honor` [ RunTime:0.0037s ]
SQL: SHOW COLUMNS FROM `academic_honor` [ RunTime:0.0031s ]
SQL: SELECT count(*) as count,academic_honor.name AS aca_name FROM person person LEFT JOIN college college ON person.college_id=college.id LEFT JOIN person_mentor_type person_mentor_type ON person.mentor_type_id=person_mentor_type.id LEFT JOIN person_degree person_degree ON person.degree_id=person_degree.id LEFT JOIN person_title person_title ON person.title_id=person_title.id LEFT JOIN person_type person_type ON person.type_id=person_type.id LEFT JOIN person_honor person_honor ON person.id=person_honor.person_id LEFT JOIN academic_honor academic_honor ON academic_honor.id=person_honor.honor_id GROUP BY academic_honor.id  [ RunTime:0.0091s ]

[ 2016-07-21T19:00:49+08:00 ] ::1 /People/queryAPI
INFO: [ app_begin ] --START--
INFO: Run Behavior\ReadHtmlCacheBehavior [ RunTime:0.000546s ]
INFO: [ app_begin ] --END-- [ RunTime:0.001079s ]
SQL: SHOW COLUMNS FROM `person` [ RunTime:0.0040s ]
SQL: SHOW COLUMNS FROM `college` [ RunTime:0.0032s ]
SQL: SHOW COLUMNS FROM `person_mentor_type` [ RunTime:0.0035s ]
SQL: SHOW COLUMNS FROM `person_degree` [ RunTime:0.0032s ]
SQL: SHOW COLUMNS FROM `person_title` [ RunTime:0.0031s ]
SQL: SHOW COLUMNS FROM `person_type` [ RunTime:0.0032s ]
SQL: SHOW COLUMNS FROM `person_honor` [ RunTime:0.0031s ]
SQL: SHOW COLUMNS FROM `academic_honor` [ RunTime:0.0039s ]
SQL: SELECT person.birthday AS birthday,college.name AS col_name FROM person person LEFT JOIN college college ON person.college_id=college.id LEFT JOIN person_mentor_type person_mentor_type ON person.mentor_type_id=person_mentor_type.id LEFT JOIN person_degree person_degree ON person.degree_id=person_degree.id LEFT JOIN person_title person_title ON person.title_id=person_title.id LEFT JOIN person_type person_type ON person.type_id=person_type.id LEFT JOIN person_honor person_honor ON person.id=person_honor.person_id LEFT JOIN academic_honor academic_honor ON academic_honor.id=person_honor.honor_id  [ RunTime:0.0110s ]

[ 2016-07-21T19:01:40+08:00 ] ::1 /People/queryAPI
INFO: [ app_begin ] --START--
INFO: Run Behavior\ReadHtmlCacheBehavior [ RunTime:0.000828s ]
INFO: [ app_begin ] --END-- [ RunTime:0.001616s ]
SQL: SHOW COLUMNS FROM `person` [ RunTime:0.0048s ]
SQL: SHOW COLUMNS FROM `college` [ RunTime:0.0053s ]
SQL: SHOW COLUMNS FROM `person_mentor_type` [ RunTime:0.0043s ]
SQL: SHOW COLUMNS FROM `person_degree` [ RunTime:0.0034s ]
SQL: SHOW COLUMNS FROM `person_title` [ RunTime:0.0039s ]
SQL: SHOW COLUMNS FROM `person_type` [ RunTime:0.0052s ]
SQL: SHOW COLUMNS FROM `person_honor` [ RunTime:0.0044s ]
SQL: SHOW COLUMNS FROM `academic_honor` [ RunTime:0.0035s ]
SQL: SELECT person.birthday AS birthday FROM person person LEFT JOIN college college ON person.college_id=college.id LEFT JOIN person_mentor_type person_mentor_type ON person.mentor_type_id=person_mentor_type.id LEFT JOIN person_degree person_degree ON person.degree_id=person_degree.id LEFT JOIN person_title person_title ON person.title_id=person_title.id LEFT JOIN person_type person_type ON person.type_id=person_type.id LEFT JOIN person_honor person_honor ON person.id=person_honor.person_id LEFT JOIN academic_honor academic_honor ON academic_honor.id=person_honor.honor_id  [ RunTime:0.0157s ]

[ 2016-07-21T19:22:45+08:00 ] ::1 /People/queryAPI
INFO: [ app_begin ] --START--
INFO: Run Behavior\ReadHtmlCacheBehavior [ RunTime:0.000996s ]
INFO: [ app_begin ] --END-- [ RunTime:0.001833s ]
SQL: SHOW COLUMNS FROM `person` [ RunTime:0.0060s ]
SQL: SHOW COLUMNS FROM `college` [ RunTime:0.0037s ]
SQL: SHOW COLUMNS FROM `person_mentor_type` [ RunTime:0.0049s ]
SQL: SHOW COLUMNS FROM `person_degree` [ RunTime:0.0045s ]
SQL: SHOW COLUMNS FROM `person_title` [ RunTime:0.0041s ]
SQL: SHOW COLUMNS FROM `person_type` [ RunTime:0.0047s ]
SQL: SHOW COLUMNS FROM `person_honor` [ RunTime:0.0042s ]
SQL: SHOW COLUMNS FROM `academic_honor` [ RunTime:0.0035s ]
SQL: SELECT person.birthday AS birthday FROM person person LEFT JOIN college college ON person.college_id=college.id LEFT JOIN person_mentor_type person_mentor_type ON person.mentor_type_id=person_mentor_type.id LEFT JOIN person_degree person_degree ON person.degree_id=person_degree.id LEFT JOIN person_title person_title ON person.title_id=person_title.id LEFT JOIN person_type person_type ON person.type_id=person_type.id LEFT JOIN person_honor person_honor ON person.id=person_honor.person_id LEFT JOIN academic_honor academic_honor ON academic_honor.id=person_honor.honor_id  [ RunTime:0.3128s ]

[ 2016-07-21T19:38:55+08:00 ] ::1 /Index/login
INFO: [ app_begin ] --START--
INFO: Run Behavior\ReadHtmlCacheBehavior [ RunTime:0.000540s ]
INFO: [ app_begin ] --END-- [ RunTime:0.001030s ]
SQL: SHOW COLUMNS FROM `user` [ RunTime:0.0043s ]
SQL: SELECT * FROM `user`  [ RunTime:0.0004s ]
SQL: SHOW COLUMNS FROM `audit` [ RunTime:0.0034s ]
SQL: INSERT INTO `audit` (`name`,`ip`,`module`,`time`,`result`) VALUES ('fff','::1','登录','16-07-21 07:38:55','成功') [ RunTime:0.0593s ]

[ 2016-07-21T19:47:23+08:00 ] ::1 /Index/login
INFO: [ app_begin ] --START--
INFO: Run Behavior\ReadHtmlCacheBehavior [ RunTime:0.000796s ]
INFO: [ app_begin ] --END-- [ RunTime:0.001581s ]
SQL: SHOW COLUMNS FROM `user` [ RunTime:0.0046s ]
SQL: SELECT * FROM `user`  [ RunTime:0.0005s ]
SQL: SHOW COLUMNS FROM `audit` [ RunTime:0.0036s ]
SQL: INSERT INTO `audit` (`name`,`ip`,`module`,`time`,`result`) VALUES ('kong','::1','登录','16-07-21 07:47:22','成功') [ RunTime:0.0595s ]

[ 2016-07-21T19:48:30+08:00 ] ::1 /Public/jquery/2.1.1/jquery.min.map
ERR: 无法加载控制器:Public

[ 2016-07-21T19:48:30+08:00 ] ::1 /Public/angular.js/1.3.0/angular.min.js.map
ERR: 无法加载控制器:Public

[ 2016-07-21T20:03:18+08:00 ] ::1 /Public/jquery/2.1.1/jquery.min.map
ERR: 无法加载控制器:Public

[ 2016-07-21T20:03:18+08:00 ] ::1 /Public/angular.js/1.3.0/angular.min.js.map
ERR: 无法加载控制器:Public

[ 2016-07-21T20:05:16+08:00 ] ::1 /Public/jquery/2.1.1/jquery.min.map
ERR: 无法加载控制器:Public

[ 2016-07-21T20:05:16+08:00 ] ::1 /Public/angular.js/1.3.0/angular.min.js.map
ERR: 无法加载控制器:Public

[ 2016-07-21T20:07:08+08:00 ] ::1 /Public/jquery/2.1.1/jquery.min.map
ERR: 无法加载控制器:Public

[ 2016-07-21T20:07:08+08:00 ] ::1 /Public/angular.js/1.3.0/angular.min.js.map
ERR: 无法加载控制器:Public

[ 2016-07-21T20:14:55+08:00 ] ::1 /Home/People/detail/?id=1
ERR: 1054:Champ 'project.owner_id' inconnu dans where clause
 [ SQL语句 ] : SELECT project.id AS id,project.name AS name,project.type_id AS type_id,project.support_no AS support_no,project.manager_id AS manager_id,project.source AS source,project.start_time AS start_time,project.end_time AS end_time,project.college_id AS college_id,project.fund AS fund,project.financial_account AS financial_account,project.project_no AS project_no,project.source_department AS source_department,person.name AS manager_name,college.name AS college_name,project_type.name AS type_name FROM project project  JOIN person person ON project.manager_id=person.id  JOIN college college ON project.college_id=college.id  JOIN project_type project_type ON project_type.id=project.type_id WHERE ( project.owner_id=1 ) 

[ 2016-07-21T20:15:12+08:00 ] ::1 /Public/jquery/2.1.1/jquery.min.map
ERR: 无法加载控制器:Public

[ 2016-07-21T20:15:12+08:00 ] ::1 /Public/angular.js/1.3.0/angular.min.js.map
ERR: 无法加载控制器:Public

[ 2016-07-21T20:55:15+08:00 ] ::1 /Public/angular.js/1.3.0/angular.min.js.map
ERR: 无法加载控制器:Public

[ 2016-07-21T20:55:15+08:00 ] ::1 /Public/jquery/2.1.1/jquery.min.map
ERR: 无法加载控制器:Public

