[ 2016-08-02T08:52:32+08:00 ] ::1 /Index/login
INFO: [ app_begin ] --START--
INFO: Run Behavior\ReadHtmlCacheBehavior [ RunTime:0.001130s ]
INFO: [ app_begin ] --END-- [ RunTime:0.002742s ]
SQL: SHOW COLUMNS FROM `user` [ RunTime:0.1023s ]
SQL: SELECT COUNT(*) AS tp_count FROM `user` WHERE `account` = 'nankai' AND `password` = '3df8cd56ce34d5bbb0c5e1c16274b0f7' LIMIT 1   [ RunTime:0.0199s ]
SQL: SHOW COLUMNS FROM `audit` [ RunTime:0.0934s ]
SQL: INSERT INTO `audit` (`name`,`ip`,`module`,`time`,`result`) VALUES ('nankai','::1','登录','16-08-02 08:52:32','成功') [ RunTime:0.0476s ]

[ 2016-08-02T09:36:54+08:00 ] ::1 /Public/jquery/2.1.1/jquery.min.map
ERR: 无法加载控制器:Public

[ 2016-08-02T09:36:54+08:00 ] ::1 /Public/angular.js/1.3.0/angular.min.js.map
ERR: 无法加载控制器:Public

[ 2016-08-02T09:37:49+08:00 ] ::1 /Public/angular.js/1.3.0/angular.min.js.map
ERR: 无法加载控制器:Public

[ 2016-08-02T09:37:49+08:00 ] ::1 /Public/jquery/2.1.1/jquery.min.map
ERR: 无法加载控制器:Public

[ 2016-08-02T09:38:06+08:00 ] ::1 /Public/jquery/2.1.1/jquery.min.map
ERR: 无法加载控制器:Public

[ 2016-08-02T09:38:06+08:00 ] ::1 /Public/angular.js/1.3.0/angular.min.js.map
ERR: 无法加载控制器:Public

[ 2016-08-02T09:40:29+08:00 ] ::1 /Public/angular.js/1.3.0/angular.min.js.map
ERR: 无法加载控制器:Public

[ 2016-08-02T09:40:29+08:00 ] ::1 /Public/jquery/2.1.1/jquery.min.map
ERR: 无法加载控制器:Public

[ 2016-08-02T09:41:24+08:00 ] ::1 /Public/angular.js/1.3.0/angular.min.js.map
ERR: 无法加载控制器:Public

[ 2016-08-02T09:41:24+08:00 ] ::1 /Public/jquery/2.1.1/jquery.min.map
ERR: 无法加载控制器:Public

[ 2016-08-02T09:42:35+08:00 ] ::1 /Public/angular.js/1.3.0/angular.min.js.map
ERR: 无法加载控制器:Public

[ 2016-08-02T09:42:35+08:00 ] ::1 /Public/jquery/2.1.1/jquery.min.map
ERR: 无法加载控制器:Public

[ 2016-08-02T09:46:04+08:00 ] ::1 /Public/angular.js/1.3.0/angular.min.js.map
ERR: 无法加载控制器:Public

[ 2016-08-02T09:46:04+08:00 ] ::1 /Public/jquery/2.1.1/jquery.min.map
ERR: 无法加载控制器:Public

[ 2016-08-02T09:47:11+08:00 ] ::1 /Public/angular.js/1.3.0/angular.min.js.map
ERR: 无法加载控制器:Public

[ 2016-08-02T09:47:11+08:00 ] ::1 /Public/jquery/2.1.1/jquery.min.map
ERR: 无法加载控制器:Public

[ 2016-08-02T09:47:55+08:00 ] ::1 /Public/jquery/2.1.1/jquery.min.map
ERR: 无法加载控制器:Public

[ 2016-08-02T09:47:55+08:00 ] ::1 /Public/angular.js/1.3.0/angular.min.js.map
ERR: 无法加载控制器:Public

[ 2016-08-02T09:54:14+08:00 ] ::1 /Public/jquery/2.1.1/jquery.min.map
ERR: 无法加载控制器:Public

[ 2016-08-02T09:54:14+08:00 ] ::1 /Public/angular.js/1.3.0/angular.min.js.map
ERR: 无法加载控制器:Public

