[ 2016-08-17T20:15:17+08:00 ] ::1 /Index/login
INFO: [ app_begin ] --START--
INFO: Run Behavior\ReadHtmlCacheBehavior [ RunTime:0.018536s ]
INFO: [ app_begin ] --END-- [ RunTime:0.032458s ]
SQL: SHOW COLUMNS FROM `user` [ RunTime:0.0922s ]
SQL: SELECT COUNT(*) AS tp_count FROM `user` WHERE `account` = 'nankai' AND `password` = '3df8cd56ce34d5bbb0c5e1c16274b0f7' LIMIT 1   [ RunTime:0.0026s ]
SQL: SHOW COLUMNS FROM `audit` [ RunTime:0.0817s ]
SQL: INSERT INTO `audit` (`name`,`ip`,`module`,`time`,`result`) VALUES ('nankai','::1','登录','16-08-17 08:15:17','成功') [ RunTime:0.0968s ]

[ 2016-08-17T20:16:41+08:00 ] ::1 /People/queryAPI
INFO: [ app_begin ] --START--
INFO: Run Behavior\ReadHtmlCacheBehavior [ RunTime:0.001040s ]
INFO: [ app_begin ] --END-- [ RunTime:0.002618s ]
SQL: SHOW COLUMNS FROM `person` [ RunTime:0.0060s ]
SQL: SHOW COLUMNS FROM `college` [ RunTime:0.0048s ]
SQL: SHOW COLUMNS FROM `person_mentor_type` [ RunTime:0.0059s ]
SQL: SHOW COLUMNS FROM `person_degree` [ RunTime:0.0049s ]
SQL: SHOW COLUMNS FROM `person_title` [ RunTime:0.0044s ]
SQL: SHOW COLUMNS FROM `person_type` [ RunTime:0.0038s ]
SQL: SHOW COLUMNS FROM `person_honor` [ RunTime:0.0036s ]
SQL: SHOW COLUMNS FROM `academic_honor` [ RunTime:0.0045s ]
SQL: SELECT person.birthday AS birthday FROM person person LEFT JOIN college college ON person.college_id=college.id LEFT JOIN person_mentor_type person_mentor_type ON person.mentor_type_id=person_mentor_type.id LEFT JOIN person_degree person_degree ON person.degree_id=person_degree.id LEFT JOIN person_title person_title ON person.title_id=person_title.id LEFT JOIN person_type person_type ON person.type_id=person_type.id LEFT JOIN person_honor person_honor ON person.id=person_honor.person_id LEFT JOIN academic_honor academic_honor ON academic_honor.id=person_honor.honor_id  [ RunTime:0.0119s ]

[ 2016-08-17T20:30:38+08:00 ] ::1 /project/export/?type=current&query=[object%20Object]&field=person_name,name,type_name,support_no,join_unit,source,subtype,start_time,end_time,fund,direct_fund,indirect_fund,financial_account,comment
ERR: 非法操作:export

