[ 2016-08-30T08:15:58+08:00 ] ::1 /Index/login
INFO: [ app_begin ] --START--
INFO: Run Behavior\ReadHtmlCacheBehavior [ RunTime:0.001385s ]
INFO: [ app_begin ] --END-- [ RunTime:0.003358s ]
SQL: SHOW COLUMNS FROM `user` [ RunTime:0.0751s ]
SQL: SELECT COUNT(*) AS tp_count FROM `user` WHERE `account` = 'admin' AND `password` = '21232f297a57a5a743894a0e4a801fc3' LIMIT 1   [ RunTime:0.0007s ]
SQL: SHOW COLUMNS FROM `audit` [ RunTime:0.1740s ]
SQL: INSERT INTO `audit` (`name`,`ip`,`module`,`time`,`result`) VALUES ('admin','::1','登录','16-08-30 08:15:57','成功') [ RunTime:0.0673s ]

[ 2016-08-30T10:20:44+08:00 ] ::1 /People/import
ERR: The filename ./Public/upfile/Excel/people_info_20160830102044.xlsx is not recognised as an OLE file

[ 2016-08-30T10:46:08+08:00 ] ::1 /People/import
ERR: 1048:Column 'honor_id' cannot be null
 [ SQL语句 ] : INSERT INTO `person_honor` (`person_id`,`honor_id`) VALUES ('1591',NULL)

[ 2016-08-30T10:48:39+08:00 ] ::1 /People/import
ERR: 1048:Column 'honor_id' cannot be null
 [ SQL语句 ] : INSERT INTO `person_honor` (`person_id`,`honor_id`) VALUES ('1591',NULL)

[ 2016-08-30T10:50:09+08:00 ] ::1 /People/import
ERR: 1048:Column 'honor_id' cannot be null
 [ SQL语句 ] : INSERT INTO `person_honor` (`person_id`,`honor_id`) VALUES ('1591',NULL)

[ 2016-08-30T10:53:56+08:00 ] ::1 /People/import
ERR: 1048:Column 'honor_id' cannot be null
 [ SQL语句 ] : INSERT INTO `person_honor` (`person_id`,`honor_id`) VALUES ('1591',NULL)

[ 2016-08-30T10:58:52+08:00 ] ::1 /People/import
ERR: 1048:Column 'honor_id' cannot be null
 [ SQL语句 ] : INSERT INTO `person_honor` (`person_id`,`honor_id`) VALUES ('1591',NULL)

[ 2016-08-30T10:59:26+08:00 ] ::1 /People/import
ERR: 1048:Column 'honor_id' cannot be null
 [ SQL语句 ] : INSERT INTO `person_honor` (`person_id`,`honor_id`) VALUES ('1591',NULL)

[ 2016-08-30T22:38:12+08:00 ] ::1 /Index/login
INFO: [ app_begin ] --START--
INFO: Run Behavior\ReadHtmlCacheBehavior [ RunTime:0.001046s ]
INFO: [ app_begin ] --END-- [ RunTime:0.002516s ]
SQL: SHOW COLUMNS FROM `user` [ RunTime:0.0534s ]
SQL: SELECT COUNT(*) AS tp_count FROM `user` WHERE `account` = 'admin' AND `password` = '21232f297a57a5a743894a0e4a801fc3' LIMIT 1   [ RunTime:0.0009s ]
SQL: SHOW COLUMNS FROM `audit` [ RunTime:0.0977s ]
SQL: INSERT INTO `audit` (`name`,`ip`,`module`,`time`,`result`) VALUES ('admin','::1','登录','16-08-30 10:38:12','成功') [ RunTime:0.0437s ]

[ 2016-08-30T22:46:40+08:00 ] ::1 /People/import
ERR: 1048:Column 'honor_id' cannot be null
 [ SQL语句 ] : INSERT INTO `person_honor` (`person_id`,`honor_id`) VALUES ('1592',NULL)

[ 2016-08-30T22:48:35+08:00 ] ::1 /People/import
ERR: 1048:Column 'honor_id' cannot be null
 [ SQL语句 ] : INSERT INTO `person_honor` (`person_id`,`honor_id`) VALUES ('1593',NULL)

